#! /opt/oss-cad-suite/bin/vvp
:ivl_version "13.0 (devel)" "(s20251012-41-g4f31fec5c)";
:ivl_delay_selection "TYPICAL";
:vpi_time_precision - 12;
:vpi_module "/opt/oss-cad-suite/lib/ivl/system.vpi";
:vpi_module "/opt/oss-cad-suite/lib/ivl/vhdl_sys.vpi";
:vpi_module "/opt/oss-cad-suite/lib/ivl/vhdl_textio.vpi";
:vpi_module "/opt/oss-cad-suite/lib/ivl/v2005_math.vpi";
:vpi_module "/opt/oss-cad-suite/lib/ivl/va_math.vpi";
S_0x40000a06f0 .scope module, "tb" "tb" 2 3;
 .timescale -9 -12;
v0x40000c2240_0 .var "clk", 0 0;
v0x40000c2300_0 .net "count", 63 0, v0x40000c14f0_0;  1 drivers
v0x40000c23d0_0 .net "done", 0 0, v0x40000c1700_0;  1 drivers
v0x40000c24d0_0 .var "rst", 0 0;
E_0x400008aed0 .event anyedge, v0x40000c1700_0;
S_0x40000a08a0 .scope module, "uut" "solution" 2 10, 3 3 0, S_0x40000a06f0;
 .timescale -9 -12;
    .port_info 0 /INPUT 1 "clk";
    .port_info 1 /INPUT 1 "rst";
    .port_info 2 /OUTPUT 64 "count";
    .port_info 3 /OUTPUT 1 "done";
P_0x400004fd40 .param/l "HEIGHT" 1 3 11, +C4<00000000000000000000000000000101>;
P_0x400004fd80 .param/l "MEM_SIZE" 1 3 12, +C4<00000000000000000100100010111100>;
P_0x400004fdc0 .param/l "S_DONE" 1 3 33, +C4<00000000000000000000000000000111>;
P_0x400004fe00 .param/l "S_FIND_END" 1 3 29, +C4<00000000000000000000000000000011>;
P_0x400004fe40 .param/l "S_FIND_START" 1 3 28, +C4<00000000000000000000000000000010>;
P_0x400004fe80 .param/l "S_MASK_COL" 1 3 26, +C4<00000000000000000000000000000000>;
P_0x400004fec0 .param/l "S_MASK_NEXT" 1 3 27, +C4<00000000000000000000000000000001>;
P_0x400004ff00 .param/l "S_SOLVE_CALC" 1 3 32, +C4<00000000000000000000000000000110>;
P_0x400004ff40 .param/l "S_SOLVE_PIXEL" 1 3 31, +C4<00000000000000000000000000000101>;
P_0x400004ff80 .param/l "S_SOLVE_ROW_INIT" 1 3 30, +C4<00000000000000000000000000000100>;
P_0x400004ffc0 .param/l "WIDTH" 1 3 10, +C4<00000000000000000000111010001100>;
v0x40000c11c0_0 .var "char_read", 7 0;
v0x40000c12c0_0 .net "clk", 0 0, v0x40000c2240_0;  1 drivers
v0x40000c1380_0 .var "col_has_data", 0 0;
v0x40000c1450 .array "col_mask", 3723 0, 0 0;
v0x40000c14f0_0 .var "count", 63 0;
v0x40000c1620_0 .var "current_val", 63 0;
v0x40000c1700_0 .var "done", 0 0;
v0x40000c17c0_0 .var/i "i", 31 0;
v0x40000c18a0 .array "mem", 18619 0, 7 0;
v0x40000c1960_0 .var "op_char", 7 0;
v0x40000c1a40_0 .var/i "op_count", 31 0;
v0x40000c1b20 .array "operands", 15 0, 63 0;
v0x40000c1be0_0 .var/i "r_end", 31 0;
v0x40000c1cc0_0 .var/i "r_start", 31 0;
v0x40000c1da0_0 .net "rst", 0 0, v0x40000c24d0_0;  1 drivers
v0x40000c1e60_0 .var "state", 3 0;
v0x40000c1f40_0 .var "val_valid", 0 0;
v0x40000c2000_0 .var/i "x", 31 0;
v0x40000c20e0_0 .var/i "y", 31 0;
E_0x400008bc70 .event posedge, v0x40000c12c0_0;
S_0x40000856b0 .scope function.vec4.u32, "get_addr" "get_addr" 3 54, 3 54 0, S_0x40000a08a0;
 .timescale -9 -12;
v0x40000a0a80_0 .var/i "cx", 31 0;
v0x40000c0ff0_0 .var/i "cy", 31 0;
; Variable get_addr is vec4 return value of scope S_0x40000856b0
TD_tb.uut.get_addr ;
    %load/vec4 v0x40000c0ff0_0;
    %muli 3724, 0, 32;
    %load/vec4 v0x40000a0a80_0;
    %add;
    %ret/vec4 0, 0, 32;  Assign to get_addr (store_vec4_to_lval)
    %end;
    .scope S_0x40000a08a0;
T_1 ;
    %vpi_call 3 18 "$readmemh", "../input/input.hex", v0x40000c18a0 {0 0 0};
    %end;
    .thread T_1;
    .scope S_0x40000a08a0;
T_2 ;
    %wait E_0x400008bc70;
    %load/vec4 v0x40000c1da0_0;
    %flag_set/vec4 8;
    %jmp/0xz  T_2.0, 8;
    %pushi/vec4 0, 0, 64;
    %assign/vec4 v0x40000c14f0_0, 0;
    %pushi/vec4 0, 0, 1;
    %assign/vec4 v0x40000c1700_0, 0;
    %pushi/vec4 0, 0, 4;
    %assign/vec4 v0x40000c1e60_0, 0;
    %pushi/vec4 0, 0, 32;
    %assign/vec4 v0x40000c2000_0, 0;
    %pushi/vec4 0, 0, 32;
    %assign/vec4 v0x40000c20e0_0, 0;
    %pushi/vec4 0, 0, 1;
    %assign/vec4 v0x40000c1380_0, 0;
    %jmp T_2.1;
T_2.0 ;
    %load/vec4 v0x40000c1e60_0;
    %dup/vec4;
    %pushi/vec4 0, 0, 4;
    %cmp/u;
    %jmp/1 T_2.2, 6;
    %dup/vec4;
    %pushi/vec4 1, 0, 4;
    %cmp/u;
    %jmp/1 T_2.3, 6;
    %dup/vec4;
    %pushi/vec4 2, 0, 4;
    %cmp/u;
    %jmp/1 T_2.4, 6;
    %dup/vec4;
    %pushi/vec4 3, 0, 4;
    %cmp/u;
    %jmp/1 T_2.5, 6;
    %dup/vec4;
    %pushi/vec4 4, 0, 4;
    %cmp/u;
    %jmp/1 T_2.6, 6;
    %dup/vec4;
    %pushi/vec4 5, 0, 4;
    %cmp/u;
    %jmp/1 T_2.7, 6;
    %dup/vec4;
    %pushi/vec4 6, 0, 4;
    %cmp/u;
    %jmp/1 T_2.8, 6;
    %dup/vec4;
    %pushi/vec4 8, 0, 4;
    %cmp/u;
    %jmp/1 T_2.9, 6;
    %dup/vec4;
    %pushi/vec4 7, 0, 4;
    %cmp/u;
    %jmp/1 T_2.10, 6;
    %jmp T_2.11;
T_2.2 ;
    %load/vec4 v0x40000c2000_0;
    %load/vec4 v0x40000c20e0_0;
    %store/vec4 v0x40000c0ff0_0, 0, 32;
    %store/vec4 v0x40000a0a80_0, 0, 32;
    %callf/vec4 TD_tb.uut.get_addr, S_0x40000856b0;
    %ix/vec4/s 4;
    %load/vec4a v0x40000c18a0, 4;
    %store/vec4 v0x40000c11c0_0, 0, 8;
    %load/vec4 v0x40000c11c0_0;
    %pad/u 32;
    %cmpi/ne 32, 0, 32;
    %flag_get/vec4 4;
    %jmp/0 T_2.14, 4;
    %load/vec4 v0x40000c11c0_0;
    %pad/u 32;
    %pushi/vec4 0, 0, 32;
    %cmp/ne;
    %flag_get/vec4 4;
    %and;
T_2.14;
    %flag_set/vec4 8;
    %jmp/0xz  T_2.12, 8;
    %pushi/vec4 1, 0, 1;
    %assign/vec4 v0x40000c1380_0, 0;
T_2.12 ;
    %load/vec4 v0x40000c20e0_0;
    %cmpi/e 4, 0, 32;
    %jmp/0xz  T_2.15, 4;
    %pushi/vec4 1, 0, 4;
    %assign/vec4 v0x40000c1e60_0, 0;
    %jmp T_2.16;
T_2.15 ;
    %load/vec4 v0x40000c20e0_0;
    %addi 1, 0, 32;
    %assign/vec4 v0x40000c20e0_0, 0;
T_2.16 ;
    %jmp T_2.11;
T_2.3 ;
    %load/vec4 v0x40000c1380_0;
    %ix/getv/s 3, v0x40000c2000_0;
    %ix/load 4, 0, 0; Constant delay
    %assign/vec4/a/d v0x40000c1450, 0, 4;
    %pushi/vec4 0, 0, 1;
    %assign/vec4 v0x40000c1380_0, 0;
    %pushi/vec4 0, 0, 32;
    %assign/vec4 v0x40000c20e0_0, 0;
    %load/vec4 v0x40000c2000_0;
    %cmpi/e 3723, 0, 32;
    %jmp/0xz  T_2.17, 4;
    %pushi/vec4 0, 0, 32;
    %assign/vec4 v0x40000c2000_0, 0;
    %pushi/vec4 2, 0, 4;
    %assign/vec4 v0x40000c1e60_0, 0;
    %jmp T_2.18;
T_2.17 ;
    %load/vec4 v0x40000c2000_0;
    %addi 1, 0, 32;
    %assign/vec4 v0x40000c2000_0, 0;
    %pushi/vec4 0, 0, 4;
    %assign/vec4 v0x40000c1e60_0, 0;
T_2.18 ;
    %jmp T_2.11;
T_2.4 ;
    %load/vec4 v0x40000c2000_0;
    %cmpi/s 3724, 0, 32;
    %flag_inv 5; GE is !LT
    %jmp/0xz  T_2.19, 5;
    %pushi/vec4 7, 0, 4;
    %assign/vec4 v0x40000c1e60_0, 0;
    %pushi/vec4 1, 0, 1;
    %assign/vec4 v0x40000c1700_0, 0;
    %jmp T_2.20;
T_2.19 ;
    %ix/getv/s 4, v0x40000c2000_0;
    %load/vec4a v0x40000c1450, 4;
    %pad/u 32;
    %cmpi/e 1, 0, 32;
    %jmp/0xz  T_2.21, 4;
    %load/vec4 v0x40000c2000_0;
    %assign/vec4 v0x40000c1cc0_0, 0;
    %pushi/vec4 3, 0, 4;
    %assign/vec4 v0x40000c1e60_0, 0;
    %jmp T_2.22;
T_2.21 ;
    %load/vec4 v0x40000c2000_0;
    %addi 1, 0, 32;
    %assign/vec4 v0x40000c2000_0, 0;
T_2.22 ;
T_2.20 ;
    %jmp T_2.11;
T_2.5 ;
    %load/vec4 v0x40000c2000_0;
    %cmpi/s 3724, 0, 32;
    %flag_inv 5; GE is !LT
    %jmp/1 T_2.25, 5;
    %flag_mov 8, 5;
    %ix/getv/s 4, v0x40000c2000_0;
    %load/vec4a v0x40000c1450, 4;
    %pad/u 32;
    %cmpi/e 0, 0, 32;
    %flag_or 4, 8;
    %flag_mov 5, 4;
T_2.25;
    %jmp/0xz  T_2.23, 5;
    %load/vec4 v0x40000c2000_0;
    %assign/vec4 v0x40000c1be0_0, 0;
    %pushi/vec4 4, 0, 4;
    %assign/vec4 v0x40000c1e60_0, 0;
    %pushi/vec4 0, 0, 32;
    %assign/vec4 v0x40000c20e0_0, 0;
    %pushi/vec4 0, 0, 32;
    %assign/vec4 v0x40000c1a40_0, 0;
    %pushi/vec4 0, 0, 8;
    %assign/vec4 v0x40000c1960_0, 0;
    %jmp T_2.24;
T_2.23 ;
    %load/vec4 v0x40000c2000_0;
    %addi 1, 0, 32;
    %assign/vec4 v0x40000c2000_0, 0;
T_2.24 ;
    %jmp T_2.11;
T_2.6 ;
    %load/vec4 v0x40000c1cc0_0;
    %assign/vec4 v0x40000c17c0_0, 0;
    %pushi/vec4 0, 0, 64;
    %assign/vec4 v0x40000c1620_0, 0;
    %pushi/vec4 0, 0, 1;
    %assign/vec4 v0x40000c1f40_0, 0;
    %pushi/vec4 5, 0, 4;
    %assign/vec4 v0x40000c1e60_0, 0;
    %jmp T_2.11;
T_2.7 ;
    %load/vec4 v0x40000c1be0_0;
    %load/vec4 v0x40000c17c0_0;
    %cmp/s;
    %flag_or 5, 4;
    %jmp/0xz  T_2.26, 5;
    %load/vec4 v0x40000c1f40_0;
    %flag_set/vec4 8;
    %jmp/0xz  T_2.28, 8;
    %load/vec4 v0x40000c1620_0;
    %ix/getv/s 3, v0x40000c1a40_0;
    %ix/load 4, 0, 0; Constant delay
    %assign/vec4/a/d v0x40000c1b20, 0, 4;
    %load/vec4 v0x40000c1a40_0;
    %addi 1, 0, 32;
    %assign/vec4 v0x40000c1a40_0, 0;
T_2.28 ;
    %load/vec4 v0x40000c20e0_0;
    %cmpi/e 4, 0, 32;
    %jmp/0xz  T_2.30, 4;
    %pushi/vec4 6, 0, 4;
    %assign/vec4 v0x40000c1e60_0, 0;
    %jmp T_2.31;
T_2.30 ;
    %load/vec4 v0x40000c20e0_0;
    %addi 1, 0, 32;
    %assign/vec4 v0x40000c20e0_0, 0;
    %pushi/vec4 4, 0, 4;
    %assign/vec4 v0x40000c1e60_0, 0;
T_2.31 ;
    %jmp T_2.27;
T_2.26 ;
    %load/vec4 v0x40000c17c0_0;
    %load/vec4 v0x40000c20e0_0;
    %store/vec4 v0x40000c0ff0_0, 0, 32;
    %store/vec4 v0x40000a0a80_0, 0, 32;
    %callf/vec4 TD_tb.uut.get_addr, S_0x40000856b0;
    %ix/vec4/s 4;
    %load/vec4a v0x40000c18a0, 4;
    %store/vec4 v0x40000c11c0_0, 0, 8;
    %pushi/vec4 48, 0, 8; draw_string_vec4
    %load/vec4 v0x40000c11c0_0;
    %cmp/u;
    %flag_or 5, 4;
    %flag_get/vec4 5;
    %jmp/0 T_2.34, 5;
    %load/vec4 v0x40000c11c0_0;
    %pushi/vec4 57, 0, 8; draw_string_vec4
    %cmp/u;
    %flag_get/vec4 4;
    %flag_get/vec4 5;
    %or;
    %and;
T_2.34;
    %flag_set/vec4 8;
    %jmp/0xz  T_2.32, 8;
    %load/vec4 v0x40000c1620_0;
    %muli 10, 0, 64;
    %load/vec4 v0x40000c11c0_0;
    %pad/u 64;
    %pushi/vec4 0, 0, 32; draw_string_vec4
    %pushi/vec4 48, 0, 32; draw_string_vec4
    %concat/vec4; draw_string_vec4
    %sub;
    %add;
    %assign/vec4 v0x40000c1620_0, 0;
    %pushi/vec4 1, 0, 1;
    %assign/vec4 v0x40000c1f40_0, 0;
    %jmp T_2.33;
T_2.32 ;
    %load/vec4 v0x40000c11c0_0;
    %pushi/vec4 43, 0, 8; draw_string_vec4
    %cmp/e;
    %jmp/1 T_2.37, 4;
    %flag_mov 8, 4;
    %load/vec4 v0x40000c11c0_0;
    %pushi/vec4 42, 0, 8; draw_string_vec4
    %cmp/e;
    %flag_or 4, 8;
T_2.37;
    %jmp/0xz  T_2.35, 4;
    %load/vec4 v0x40000c1f40_0;
    %flag_set/vec4 8;
    %jmp/0xz  T_2.38, 8;
    %load/vec4 v0x40000c1620_0;
    %ix/getv/s 3, v0x40000c1a40_0;
    %ix/load 4, 0, 0; Constant delay
    %assign/vec4/a/d v0x40000c1b20, 0, 4;
    %load/vec4 v0x40000c1a40_0;
    %addi 1, 0, 32;
    %assign/vec4 v0x40000c1a40_0, 0;
T_2.38 ;
    %load/vec4 v0x40000c11c0_0;
    %assign/vec4 v0x40000c1960_0, 0;
    %pushi/vec4 0, 0, 1;
    %assign/vec4 v0x40000c1f40_0, 0;
    %pushi/vec4 0, 0, 64;
    %assign/vec4 v0x40000c1620_0, 0;
    %jmp T_2.36;
T_2.35 ;
    %load/vec4 v0x40000c1f40_0;
    %flag_set/vec4 8;
    %jmp/0xz  T_2.40, 8;
    %load/vec4 v0x40000c1620_0;
    %ix/getv/s 3, v0x40000c1a40_0;
    %ix/load 4, 0, 0; Constant delay
    %assign/vec4/a/d v0x40000c1b20, 0, 4;
    %load/vec4 v0x40000c1a40_0;
    %addi 1, 0, 32;
    %assign/vec4 v0x40000c1a40_0, 0;
    %pushi/vec4 0, 0, 1;
    %assign/vec4 v0x40000c1f40_0, 0;
    %pushi/vec4 0, 0, 64;
    %assign/vec4 v0x40000c1620_0, 0;
T_2.40 ;
T_2.36 ;
T_2.33 ;
    %load/vec4 v0x40000c17c0_0;
    %addi 1, 0, 32;
    %assign/vec4 v0x40000c17c0_0, 0;
T_2.27 ;
    %jmp T_2.11;
T_2.8 ;
    %load/vec4 v0x40000c1960_0;
    %pushi/vec4 43, 0, 8; draw_string_vec4
    %cmp/e;
    %jmp/0xz  T_2.42, 4;
T_2.42 ;
    %pushi/vec4 0, 0, 32;
    %assign/vec4 v0x40000c17c0_0, 0;
    %load/vec4 v0x40000c1960_0;
    %pushi/vec4 42, 0, 8; draw_string_vec4
    %cmp/e;
    %flag_mov 8, 4;
    %jmp/0 T_2.44, 8;
    %pushi/vec4 1, 0, 64;
    %jmp/1 T_2.45, 8;
T_2.44 ; End of true expr.
    %pushi/vec4 0, 0, 64;
    %jmp/0 T_2.45, 8;
 ; End of false expr.
    %blend;
T_2.45;
    %assign/vec4 v0x40000c1620_0, 0;
    %pushi/vec4 8, 0, 4;
    %assign/vec4 v0x40000c1e60_0, 0;
    %jmp T_2.11;
T_2.9 ;
    %load/vec4 v0x40000c1a40_0;
    %load/vec4 v0x40000c17c0_0;
    %cmp/s;
    %flag_or 5, 4;
    %jmp/0xz  T_2.46, 5;
    %load/vec4 v0x40000c14f0_0;
    %load/vec4 v0x40000c1620_0;
    %add;
    %assign/vec4 v0x40000c14f0_0, 0;
    %load/vec4 v0x40000c1be0_0;
    %assign/vec4 v0x40000c2000_0, 0;
    %pushi/vec4 2, 0, 4;
    %assign/vec4 v0x40000c1e60_0, 0;
    %jmp T_2.47;
T_2.46 ;
    %load/vec4 v0x40000c1960_0;
    %pushi/vec4 43, 0, 8; draw_string_vec4
    %cmp/e;
    %jmp/0xz  T_2.48, 4;
    %load/vec4 v0x40000c1620_0;
    %ix/getv/s 4, v0x40000c17c0_0;
    %load/vec4a v0x40000c1b20, 4;
    %add;
    %assign/vec4 v0x40000c1620_0, 0;
    %jmp T_2.49;
T_2.48 ;
    %load/vec4 v0x40000c1960_0;
    %pushi/vec4 42, 0, 8; draw_string_vec4
    %cmp/e;
    %jmp/0xz  T_2.50, 4;
    %load/vec4 v0x40000c1620_0;
    %ix/getv/s 4, v0x40000c17c0_0;
    %load/vec4a v0x40000c1b20, 4;
    %mul;
    %assign/vec4 v0x40000c1620_0, 0;
T_2.50 ;
T_2.49 ;
    %load/vec4 v0x40000c17c0_0;
    %addi 1, 0, 32;
    %assign/vec4 v0x40000c17c0_0, 0;
T_2.47 ;
    %jmp T_2.11;
T_2.10 ;
    %jmp T_2.11;
T_2.11 ;
    %pop/vec4 1;
T_2.1 ;
    %jmp T_2;
    .thread T_2;
    .scope S_0x40000a06f0;
T_3 ;
    %pushi/vec4 0, 0, 1;
    %store/vec4 v0x40000c2240_0, 0, 1;
T_3.0 ;
    %delay 5000, 0;
    %load/vec4 v0x40000c2240_0;
    %inv;
    %store/vec4 v0x40000c2240_0, 0, 1;
    %jmp T_3.0;
T_3.1 ;
    %end;
    .thread T_3;
    .scope S_0x40000a06f0;
T_4 ;
    %vpi_call 2 25 "$dumpfile", "build/wave.vcd" {0 0 0};
    %vpi_call 2 26 "$dumpvars", 32'sb00000000000000000000000000000000, S_0x40000a06f0 {0 0 0};
    %pushi/vec4 1, 0, 1;
    %store/vec4 v0x40000c24d0_0, 0, 1;
    %delay 100000, 0;
    %pushi/vec4 0, 0, 1;
    %store/vec4 v0x40000c24d0_0, 0, 1;
T_4.0 ;
    %load/vec4 v0x40000c23d0_0;
    %cmpi/ne 1, 0, 1;
    %jmp/0xz T_4.1, 6;
    %wait E_0x400008aed0;
    %jmp T_4.0;
T_4.1 ;
    %delay 100000, 0;
    %vpi_call 2 36 "$display", "--------------------------------" {0 0 0};
    %vpi_call 2 37 "$display", "Simulation Done." {0 0 0};
    %vpi_call 2 38 "$display", "Result Count: %d", v0x40000c2300_0 {0 0 0};
    %vpi_call 2 39 "$display", "--------------------------------" {0 0 0};
    %vpi_call 2 40 "$finish" {0 0 0};
    %end;
    .thread T_4;
    .scope S_0x40000a06f0;
T_5 ;
    %delay 1410065408, 2;
    %vpi_call 2 46 "$display", "Timeout!" {0 0 0};
    %vpi_call 2 47 "$finish" {0 0 0};
    %end;
    .thread T_5;
# The file index is used to find the file name in the following table.
:file_names 4;
    "N/A";
    "<interactive>";
    "sim/tb.v";
    "src/solution.v";
