#! /opt/homebrew/Cellar/icarus-verilog/12.0/bin/vvp
:ivl_version "12.0 (stable)";
:ivl_delay_selection "TYPICAL";
:vpi_time_precision - 12;
:vpi_module "/opt/homebrew/Cellar/icarus-verilog/12.0/lib/ivl/system.vpi";
:vpi_module "/opt/homebrew/Cellar/icarus-verilog/12.0/lib/ivl/vhdl_sys.vpi";
:vpi_module "/opt/homebrew/Cellar/icarus-verilog/12.0/lib/ivl/vhdl_textio.vpi";
:vpi_module "/opt/homebrew/Cellar/icarus-verilog/12.0/lib/ivl/v2005_math.vpi";
:vpi_module "/opt/homebrew/Cellar/icarus-verilog/12.0/lib/ivl/va_math.vpi";
S_0x101371590 .scope module, "tb" "tb" 2 3;
 .timescale -9 -12;
v0xac0c581e0_0 .var "clk", 0 0;
v0xac0c58280_0 .net "count", 31 0, v0x101376090_0;  1 drivers
v0xac0c58320_0 .net "done", 0 0, v0x1013761d0_0;  1 drivers
v0xac0c583c0_0 .var "rst", 0 0;
E_0xac10304c0 .event anyedge, v0x1013761d0_0;
S_0x10136c980 .scope module, "uut" "solution" 2 10, 3 1 0, S_0x101371590;
 .timescale 0 0;
    .port_info 0 /INPUT 1 "clk";
    .port_info 1 /INPUT 1 "rst";
    .port_info 2 /OUTPUT 32 "count";
    .port_info 3 /OUTPUT 1 "done";
P_0x10136cb00 .param/l "NUM_IDS" 1 4 2, +C4<00000000000000000000001111101000>;
P_0x10136cb40 .param/l "NUM_RANGES" 1 4 1, +C4<00000000000000000000000010101110>;
P_0x10136cb80 .param/l "STATE_CHECK_RANGES" 1 3 26, +C4<00000000000000000000000000000001>;
P_0x10136cbc0 .param/l "STATE_DONE" 1 3 27, +C4<00000000000000000000000000000010>;
P_0x10136cc00 .param/l "STATE_FETCH_ID" 1 3 25, +C4<00000000000000000000000000000000>;
v0x101375ff0_0 .net "clk", 0 0, v0xac0c581e0_0;  1 drivers
v0x101376090_0 .var "count", 31 0;
v0x101376130_0 .var "current_id", 63 0;
v0x1013761d0_0 .var "done", 0 0;
v0x101376270_0 .var/i "id_idx", 31 0;
v0x101376bf0 .array "ids", 999 0, 63 0;
v0x101376c90_0 .var "r_end", 63 0;
v0x101376d30_0 .var "r_start", 63 0;
v0x101376dd0_0 .var/i "range_idx", 31 0;
v0xac0c58000 .array "ranges_flat", 347 0, 63 0;
v0xac0c580a0_0 .net "rst", 0 0, v0xac0c583c0_0;  1 drivers
v0xac0c58140_0 .var "state", 1 0;
E_0xac1030500 .event posedge, v0x101375ff0_0;
    .scope S_0x10136c980;
T_0 ;
    %vpi_call 3 15 "$readmemh", "../input/ranges.hex", v0xac0c58000 {0 0 0};
    %vpi_call 3 16 "$readmemh", "../input/ids.hex", v0x101376bf0 {0 0 0};
    %end;
    .thread T_0;
    .scope S_0x10136c980;
T_1 ;
    %wait E_0xac1030500;
    %load/vec4 v0xac0c580a0_0;
    %flag_set/vec4 8;
    %jmp/0xz  T_1.0, 8;
    %pushi/vec4 0, 0, 32;
    %assign/vec4 v0x101376090_0, 0;
    %pushi/vec4 0, 0, 1;
    %assign/vec4 v0x1013761d0_0, 0;
    %pushi/vec4 0, 0, 2;
    %assign/vec4 v0xac0c58140_0, 0;
    %pushi/vec4 0, 0, 32;
    %assign/vec4 v0x101376270_0, 0;
    %pushi/vec4 0, 0, 32;
    %assign/vec4 v0x101376dd0_0, 0;
    %jmp T_1.1;
T_1.0 ;
    %load/vec4 v0xac0c58140_0;
    %dup/vec4;
    %pushi/vec4 0, 0, 2;
    %cmp/u;
    %jmp/1 T_1.2, 6;
    %dup/vec4;
    %pushi/vec4 1, 0, 2;
    %cmp/u;
    %jmp/1 T_1.3, 6;
    %dup/vec4;
    %pushi/vec4 2, 0, 2;
    %cmp/u;
    %jmp/1 T_1.4, 6;
    %jmp T_1.5;
T_1.2 ;
    %load/vec4 v0x101376270_0;
    %cmpi/s 1000, 0, 32;
    %flag_inv 5; GE is !LT
    %jmp/0xz  T_1.6, 5;
    %pushi/vec4 2, 0, 2;
    %assign/vec4 v0xac0c58140_0, 0;
    %pushi/vec4 1, 0, 1;
    %assign/vec4 v0x1013761d0_0, 0;
    %jmp T_1.7;
T_1.6 ;
    %ix/getv/s 4, v0x101376270_0;
    %load/vec4a v0x101376bf0, 4;
    %assign/vec4 v0x101376130_0, 0;
    %pushi/vec4 0, 0, 32;
    %assign/vec4 v0x101376dd0_0, 0;
    %pushi/vec4 1, 0, 2;
    %assign/vec4 v0xac0c58140_0, 0;
T_1.7 ;
    %jmp T_1.5;
T_1.3 ;
    %load/vec4 v0x101376dd0_0;
    %cmpi/s 174, 0, 32;
    %flag_inv 5; GE is !LT
    %jmp/0xz  T_1.8, 5;
    %load/vec4 v0x101376270_0;
    %addi 1, 0, 32;
    %assign/vec4 v0x101376270_0, 0;
    %pushi/vec4 0, 0, 2;
    %assign/vec4 v0xac0c58140_0, 0;
    %jmp T_1.9;
T_1.8 ;
    %load/vec4 v0x101376dd0_0;
    %muli 2, 0, 32;
    %ix/vec4/s 4;
    %load/vec4a v0xac0c58000, 4;
    %store/vec4 v0x101376d30_0, 0, 64;
    %load/vec4 v0x101376dd0_0;
    %muli 2, 0, 32;
    %addi 1, 0, 32;
    %ix/vec4/s 4;
    %load/vec4a v0xac0c58000, 4;
    %store/vec4 v0x101376c90_0, 0, 64;
    %load/vec4 v0x101376d30_0;
    %load/vec4 v0x101376130_0;
    %cmp/u;
    %flag_or 5, 4;
    %flag_get/vec4 5;
    %jmp/0 T_1.12, 5;
    %load/vec4 v0x101376130_0;
    %load/vec4 v0x101376c90_0;
    %cmp/u;
    %flag_get/vec4 4;
    %flag_get/vec4 5;
    %or;
    %and;
T_1.12;
    %flag_set/vec4 8;
    %jmp/0xz  T_1.10, 8;
    %load/vec4 v0x101376090_0;
    %addi 1, 0, 32;
    %assign/vec4 v0x101376090_0, 0;
    %load/vec4 v0x101376270_0;
    %addi 1, 0, 32;
    %assign/vec4 v0x101376270_0, 0;
    %pushi/vec4 0, 0, 2;
    %assign/vec4 v0xac0c58140_0, 0;
    %jmp T_1.11;
T_1.10 ;
    %load/vec4 v0x101376dd0_0;
    %addi 1, 0, 32;
    %assign/vec4 v0x101376dd0_0, 0;
T_1.11 ;
T_1.9 ;
    %jmp T_1.5;
T_1.4 ;
    %jmp T_1.5;
T_1.5 ;
    %pop/vec4 1;
T_1.1 ;
    %jmp T_1;
    .thread T_1;
    .scope S_0x101371590;
T_2 ;
    %pushi/vec4 0, 0, 1;
    %store/vec4 v0xac0c581e0_0, 0, 1;
T_2.0 ;
    %delay 5000, 0;
    %load/vec4 v0xac0c581e0_0;
    %inv;
    %store/vec4 v0xac0c581e0_0, 0, 1;
    %jmp T_2.0;
    %end;
    .thread T_2;
    .scope S_0x101371590;
T_3 ;
    %vpi_call 2 25 "$dumpfile", "build/wave.vcd" {0 0 0};
    %vpi_call 2 26 "$dumpvars", 32'sb00000000000000000000000000000000, S_0x101371590 {0 0 0};
    %pushi/vec4 1, 0, 1;
    %store/vec4 v0xac0c583c0_0, 0, 1;
    %delay 100000, 0;
    %pushi/vec4 0, 0, 1;
    %store/vec4 v0xac0c583c0_0, 0, 1;
T_3.0 ;
    %load/vec4 v0xac0c58320_0;
    %cmpi/ne 1, 0, 1;
    %jmp/0xz T_3.1, 6;
    %wait E_0xac10304c0;
    %jmp T_3.0;
T_3.1 ;
    %delay 100000, 0;
    %vpi_call 2 35 "$display", "--------------------------------" {0 0 0};
    %vpi_call 2 36 "$display", "Simulation Done." {0 0 0};
    %vpi_call 2 37 "$display", "Result Count: %d", v0xac0c58280_0 {0 0 0};
    %vpi_call 2 38 "$display", "--------------------------------" {0 0 0};
    %vpi_call 2 39 "$finish" {0 0 0};
    %end;
    .thread T_3;
# The file index is used to find the file name in the following table.
:file_names 5;
    "N/A";
    "<interactive>";
    "sim/tb.v";
    "src/solution.v";
    "src/params.vh";
