#! /opt/homebrew/Cellar/icarus-verilog/12.0/bin/vvp
:ivl_version "12.0 (stable)";
:ivl_delay_selection "TYPICAL";
:vpi_time_precision - 12;
:vpi_module "/opt/homebrew/Cellar/icarus-verilog/12.0/lib/ivl/system.vpi";
:vpi_module "/opt/homebrew/Cellar/icarus-verilog/12.0/lib/ivl/vhdl_sys.vpi";
:vpi_module "/opt/homebrew/Cellar/icarus-verilog/12.0/lib/ivl/vhdl_textio.vpi";
:vpi_module "/opt/homebrew/Cellar/icarus-verilog/12.0/lib/ivl/v2005_math.vpi";
:vpi_module "/opt/homebrew/Cellar/icarus-verilog/12.0/lib/ivl/va_math.vpi";
S_0x1031e30b0 .scope module, "tb" "tb" 2 3;
 .timescale -9 -12;
v0xa5cc948c0_0 .var "clk", 0 0;
v0xa5cc94960_0 .net "done", 0 0, v0x1031e8840_0;  1 drivers
v0xa5cc94a00_0 .net "product_max", 63 0, v0xa5cc94320_0;  1 drivers
v0xa5cc94aa0_0 .var "rst", 0 0;
E_0xa5cc74e80 .event anyedge, v0x1031e8840_0;
S_0x1031dca00 .scope module, "uut" "solution" 2 10, 3 3 0, S_0x1031e30b0;
 .timescale -9 -12;
    .port_info 0 /INPUT 1 "clk";
    .port_info 1 /INPUT 1 "rst";
    .port_info 2 /OUTPUT 64 "product_max";
    .port_info 3 /OUTPUT 1 "done";
P_0x1031e85c0 .param/l "K_LIMIT" 1 4 3, +C4<00000000000000000000001111101000>;
P_0x1031e8600 .param/l "NUM_EDGES" 1 4 2, +C4<00000000000000000000001111101000>;
P_0x1031e8640 .param/l "NUM_NODES" 1 4 1, +C4<00000000000000000000001111101000>;
P_0x1031e8680 .param/l "S_DONE" 1 3 35, +C4<00000000000000000000000000000110>;
P_0x1031e86c0 .param/l "S_FETCH_EDGE" 1 3 30, +C4<00000000000000000000000000000001>;
P_0x1031e8700 .param/l "S_FIND_MAX" 1 3 34, +C4<00000000000000000000000000000101>;
P_0x1031e8740 .param/l "S_FIND_U" 1 3 31, +C4<00000000000000000000000000000010>;
P_0x1031e8780 .param/l "S_FIND_V" 1 3 32, +C4<00000000000000000000000000000011>;
P_0x1031e87c0 .param/l "S_INIT" 1 3 29, +C4<00000000000000000000000000000000>;
P_0x1031e8800 .param/l "S_UNION" 1 3 33, +C4<00000000000000000000000000000100>;
v0x1031dcb80_0 .net "clk", 0 0, v0xa5cc948c0_0;  1 drivers
v0x1031dcc20_0 .var "curr_size", 15 0;
v0x1031e7bc0_0 .var "curr_u", 15 0;
v0x1031e7c60_0 .var "curr_v", 15 0;
v0x1031e8840_0 .var "done", 0 0;
v0x1031e88e0_0 .var/i "edge_idx", 31 0;
v0xa5cc94000 .array "edge_mem", 999 0, 31 0;
v0xa5cc940a0_0 .var "max1", 15 0;
v0xa5cc94140_0 .var "max2", 15 0;
v0xa5cc941e0_0 .var "max3", 15 0;
v0xa5cc94280 .array "parent", 999 0, 15 0;
v0xa5cc94320_0 .var "product_max", 63 0;
v0xa5cc943c0_0 .var "root_u", 15 0;
v0xa5cc94460_0 .var "root_v", 15 0;
v0xa5cc94500_0 .net "rst", 0 0, v0xa5cc94aa0_0;  1 drivers
v0xa5cc945a0_0 .var/i "scan_i", 31 0;
v0xa5cc94640 .array "size_arr", 999 0, 15 0;
v0xa5cc946e0_0 .var "state", 3 0;
v0xa5cc94780_0 .var "u", 15 0;
v0xa5cc94820_0 .var "v", 15 0;
E_0xa5cc74ec0 .event posedge, v0x1031dcb80_0;
    .scope S_0x1031dca00;
T_0 ;
    %vpi_call 3 20 "$readmemh", "../input/input.hex", v0xa5cc94000 {0 0 0};
    %end;
    .thread T_0;
    .scope S_0x1031dca00;
T_1 ;
    %wait E_0xa5cc74ec0;
    %load/vec4 v0xa5cc94500_0;
    %flag_set/vec4 8;
    %jmp/0xz  T_1.0, 8;
    %pushi/vec4 0, 0, 64;
    %assign/vec4 v0xa5cc94320_0, 0;
    %pushi/vec4 0, 0, 1;
    %assign/vec4 v0x1031e8840_0, 0;
    %pushi/vec4 0, 0, 4;
    %assign/vec4 v0xa5cc946e0_0, 0;
    %pushi/vec4 0, 0, 32;
    %assign/vec4 v0x1031e88e0_0, 0;
    %jmp T_1.1;
T_1.0 ;
    %load/vec4 v0xa5cc946e0_0;
    %dup/vec4;
    %pushi/vec4 0, 0, 4;
    %cmp/u;
    %jmp/1 T_1.2, 6;
    %dup/vec4;
    %pushi/vec4 7, 0, 4;
    %cmp/u;
    %jmp/1 T_1.3, 6;
    %dup/vec4;
    %pushi/vec4 1, 0, 4;
    %cmp/u;
    %jmp/1 T_1.4, 6;
    %dup/vec4;
    %pushi/vec4 2, 0, 4;
    %cmp/u;
    %jmp/1 T_1.5, 6;
    %dup/vec4;
    %pushi/vec4 3, 0, 4;
    %cmp/u;
    %jmp/1 T_1.6, 6;
    %dup/vec4;
    %pushi/vec4 4, 0, 4;
    %cmp/u;
    %jmp/1 T_1.7, 6;
    %dup/vec4;
    %pushi/vec4 5, 0, 4;
    %cmp/u;
    %jmp/1 T_1.8, 6;
    %dup/vec4;
    %pushi/vec4 6, 0, 4;
    %cmp/u;
    %jmp/1 T_1.9, 6;
    %jmp T_1.10;
T_1.2 ;
    %pushi/vec4 7, 0, 4;
    %assign/vec4 v0xa5cc946e0_0, 0;
    %pushi/vec4 0, 0, 32;
    %assign/vec4 v0xa5cc945a0_0, 0;
    %jmp T_1.10;
T_1.3 ;
    %load/vec4 v0xa5cc945a0_0;
    %pad/s 16;
    %ix/getv/s 3, v0xa5cc945a0_0;
    %ix/load 4, 0, 0; Constant delay
    %assign/vec4/a/d v0xa5cc94280, 0, 4;
    %pushi/vec4 1, 0, 16;
    %ix/getv/s 3, v0xa5cc945a0_0;
    %ix/load 4, 0, 0; Constant delay
    %assign/vec4/a/d v0xa5cc94640, 0, 4;
    %load/vec4 v0xa5cc945a0_0;
    %cmpi/e 999, 0, 32;
    %jmp/0xz  T_1.11, 4;
    %pushi/vec4 1, 0, 4;
    %assign/vec4 v0xa5cc946e0_0, 0;
    %pushi/vec4 0, 0, 32;
    %assign/vec4 v0x1031e88e0_0, 0;
    %jmp T_1.12;
T_1.11 ;
    %load/vec4 v0xa5cc945a0_0;
    %addi 1, 0, 32;
    %assign/vec4 v0xa5cc945a0_0, 0;
T_1.12 ;
    %jmp T_1.10;
T_1.4 ;
    %load/vec4 v0x1031e88e0_0;
    %cmpi/s 1000, 0, 32;
    %flag_inv 5; GE is !LT
    %jmp/0xz  T_1.13, 5;
    %pushi/vec4 5, 0, 4;
    %assign/vec4 v0xa5cc946e0_0, 0;
    %pushi/vec4 0, 0, 32;
    %assign/vec4 v0xa5cc945a0_0, 0;
    %pushi/vec4 0, 0, 16;
    %assign/vec4 v0xa5cc940a0_0, 0;
    %pushi/vec4 0, 0, 16;
    %assign/vec4 v0xa5cc94140_0, 0;
    %pushi/vec4 0, 0, 16;
    %assign/vec4 v0xa5cc941e0_0, 0;
    %jmp T_1.14;
T_1.13 ;
    %ix/getv/s 4, v0x1031e88e0_0;
    %load/vec4a v0xa5cc94000, 4;
    %parti/s 16, 16, 6;
    %assign/vec4 v0xa5cc94780_0, 0;
    %ix/getv/s 4, v0x1031e88e0_0;
    %load/vec4a v0xa5cc94000, 4;
    %parti/s 16, 0, 2;
    %assign/vec4 v0xa5cc94820_0, 0;
    %ix/getv/s 4, v0x1031e88e0_0;
    %load/vec4a v0xa5cc94000, 4;
    %parti/s 16, 16, 6;
    %assign/vec4 v0x1031e7bc0_0, 0;
    %ix/getv/s 4, v0x1031e88e0_0;
    %load/vec4a v0xa5cc94000, 4;
    %parti/s 16, 0, 2;
    %assign/vec4 v0x1031e7c60_0, 0;
    %pushi/vec4 2, 0, 4;
    %assign/vec4 v0xa5cc946e0_0, 0;
T_1.14 ;
    %jmp T_1.10;
T_1.5 ;
    %ix/getv 4, v0x1031e7bc0_0;
    %load/vec4a v0xa5cc94280, 4;
    %load/vec4 v0x1031e7bc0_0;
    %cmp/e;
    %jmp/0xz  T_1.15, 4;
    %load/vec4 v0x1031e7bc0_0;
    %assign/vec4 v0xa5cc943c0_0, 0;
    %pushi/vec4 3, 0, 4;
    %assign/vec4 v0xa5cc946e0_0, 0;
    %jmp T_1.16;
T_1.15 ;
    %ix/getv 4, v0x1031e7bc0_0;
    %load/vec4a v0xa5cc94280, 4;
    %assign/vec4 v0x1031e7bc0_0, 0;
T_1.16 ;
    %jmp T_1.10;
T_1.6 ;
    %ix/getv 4, v0x1031e7c60_0;
    %load/vec4a v0xa5cc94280, 4;
    %load/vec4 v0x1031e7c60_0;
    %cmp/e;
    %jmp/0xz  T_1.17, 4;
    %load/vec4 v0x1031e7c60_0;
    %assign/vec4 v0xa5cc94460_0, 0;
    %pushi/vec4 4, 0, 4;
    %assign/vec4 v0xa5cc946e0_0, 0;
    %jmp T_1.18;
T_1.17 ;
    %ix/getv 4, v0x1031e7c60_0;
    %load/vec4a v0xa5cc94280, 4;
    %assign/vec4 v0x1031e7c60_0, 0;
T_1.18 ;
    %jmp T_1.10;
T_1.7 ;
    %load/vec4 v0xa5cc943c0_0;
    %load/vec4 v0xa5cc94460_0;
    %cmp/ne;
    %jmp/0xz  T_1.19, 4;
    %ix/getv 4, v0xa5cc943c0_0;
    %load/vec4a v0xa5cc94640, 4;
    %ix/getv 4, v0xa5cc94460_0;
    %load/vec4a v0xa5cc94640, 4;
    %cmp/u;
    %jmp/0xz  T_1.21, 5;
    %load/vec4 v0xa5cc94460_0;
    %ix/getv 3, v0xa5cc943c0_0;
    %ix/load 4, 0, 0; Constant delay
    %assign/vec4/a/d v0xa5cc94280, 0, 4;
    %ix/getv 4, v0xa5cc943c0_0;
    %load/vec4a v0xa5cc94640, 4;
    %ix/getv 4, v0xa5cc94460_0;
    %load/vec4a v0xa5cc94640, 4;
    %add;
    %ix/getv 3, v0xa5cc94460_0;
    %ix/load 4, 0, 0; Constant delay
    %assign/vec4/a/d v0xa5cc94640, 0, 4;
    %jmp T_1.22;
T_1.21 ;
    %load/vec4 v0xa5cc943c0_0;
    %ix/getv 3, v0xa5cc94460_0;
    %ix/load 4, 0, 0; Constant delay
    %assign/vec4/a/d v0xa5cc94280, 0, 4;
    %ix/getv 4, v0xa5cc943c0_0;
    %load/vec4a v0xa5cc94640, 4;
    %ix/getv 4, v0xa5cc94460_0;
    %load/vec4a v0xa5cc94640, 4;
    %add;
    %ix/getv 3, v0xa5cc943c0_0;
    %ix/load 4, 0, 0; Constant delay
    %assign/vec4/a/d v0xa5cc94640, 0, 4;
T_1.22 ;
T_1.19 ;
    %load/vec4 v0x1031e88e0_0;
    %addi 1, 0, 32;
    %assign/vec4 v0x1031e88e0_0, 0;
    %pushi/vec4 1, 0, 4;
    %assign/vec4 v0xa5cc946e0_0, 0;
    %jmp T_1.10;
T_1.8 ;
    %ix/getv/s 4, v0xa5cc945a0_0;
    %load/vec4a v0xa5cc94280, 4;
    %pad/u 32;
    %load/vec4 v0xa5cc945a0_0;
    %cmp/e;
    %jmp/0xz  T_1.23, 4;
    %ix/getv/s 4, v0xa5cc945a0_0;
    %load/vec4a v0xa5cc94640, 4;
    %store/vec4 v0x1031dcc20_0, 0, 16;
    %load/vec4 v0xa5cc940a0_0;
    %load/vec4 v0x1031dcc20_0;
    %cmp/u;
    %jmp/0xz  T_1.25, 5;
    %load/vec4 v0xa5cc94140_0;
    %assign/vec4 v0xa5cc941e0_0, 0;
    %load/vec4 v0xa5cc940a0_0;
    %assign/vec4 v0xa5cc94140_0, 0;
    %load/vec4 v0x1031dcc20_0;
    %assign/vec4 v0xa5cc940a0_0, 0;
    %jmp T_1.26;
T_1.25 ;
    %load/vec4 v0xa5cc94140_0;
    %load/vec4 v0x1031dcc20_0;
    %cmp/u;
    %jmp/0xz  T_1.27, 5;
    %load/vec4 v0xa5cc94140_0;
    %assign/vec4 v0xa5cc941e0_0, 0;
    %load/vec4 v0x1031dcc20_0;
    %assign/vec4 v0xa5cc94140_0, 0;
    %jmp T_1.28;
T_1.27 ;
    %load/vec4 v0xa5cc941e0_0;
    %load/vec4 v0x1031dcc20_0;
    %cmp/u;
    %jmp/0xz  T_1.29, 5;
    %load/vec4 v0x1031dcc20_0;
    %assign/vec4 v0xa5cc941e0_0, 0;
T_1.29 ;
T_1.28 ;
T_1.26 ;
T_1.23 ;
    %load/vec4 v0xa5cc945a0_0;
    %cmpi/e 999, 0, 32;
    %jmp/0xz  T_1.31, 4;
    %pushi/vec4 6, 0, 4;
    %assign/vec4 v0xa5cc946e0_0, 0;
    %jmp T_1.32;
T_1.31 ;
    %load/vec4 v0xa5cc945a0_0;
    %addi 1, 0, 32;
    %assign/vec4 v0xa5cc945a0_0, 0;
T_1.32 ;
    %jmp T_1.10;
T_1.9 ;
    %load/vec4 v0xa5cc940a0_0;
    %pad/u 64;
    %load/vec4 v0xa5cc94140_0;
    %pad/u 64;
    %mul;
    %load/vec4 v0xa5cc941e0_0;
    %pad/u 64;
    %mul;
    %assign/vec4 v0xa5cc94320_0, 0;
    %pushi/vec4 1, 0, 1;
    %assign/vec4 v0x1031e8840_0, 0;
    %jmp T_1.10;
T_1.10 ;
    %pop/vec4 1;
T_1.1 ;
    %jmp T_1;
    .thread T_1;
    .scope S_0x1031e30b0;
T_2 ;
    %pushi/vec4 0, 0, 1;
    %store/vec4 v0xa5cc948c0_0, 0, 1;
T_2.0 ;
    %delay 5000, 0;
    %load/vec4 v0xa5cc948c0_0;
    %inv;
    %store/vec4 v0xa5cc948c0_0, 0, 1;
    %jmp T_2.0;
    %end;
    .thread T_2;
    .scope S_0x1031e30b0;
T_3 ;
    %vpi_call 2 23 "$dumpfile", "build/wave.vcd" {0 0 0};
    %vpi_call 2 24 "$dumpvars", 32'sb00000000000000000000000000000000, S_0x1031e30b0 {0 0 0};
    %pushi/vec4 1, 0, 1;
    %store/vec4 v0xa5cc94aa0_0, 0, 1;
    %delay 100000, 0;
    %pushi/vec4 0, 0, 1;
    %store/vec4 v0xa5cc94aa0_0, 0, 1;
T_3.0 ;
    %load/vec4 v0xa5cc94960_0;
    %cmpi/ne 1, 0, 1;
    %jmp/0xz T_3.1, 6;
    %wait E_0xa5cc74e80;
    %jmp T_3.0;
T_3.1 ;
    %delay 100000, 0;
    %vpi_call 2 33 "$display", "--------------------------------" {0 0 0};
    %vpi_call 2 34 "$display", "Simulation Done." {0 0 0};
    %vpi_call 2 35 "$display", "Max Product: %d", v0xa5cc94a00_0 {0 0 0};
    %vpi_call 2 36 "$display", "--------------------------------" {0 0 0};
    %vpi_call 2 37 "$finish" {0 0 0};
    %end;
    .thread T_3;
    .scope S_0x1031e30b0;
T_4 ;
    %delay 1410065408, 2;
    %vpi_call 2 43 "$display", "Timeout!" {0 0 0};
    %vpi_call 2 44 "$finish" {0 0 0};
    %end;
    .thread T_4;
# The file index is used to find the file name in the following table.
:file_names 5;
    "N/A";
    "<interactive>";
    "sim/tb.v";
    "src/solution.v";
    "src/params.vh";
