#! /opt/oss-cad-suite/bin/vvp
:ivl_version "13.0 (devel)" "(s20251012-41-g4f31fec5c)";
:ivl_delay_selection "TYPICAL";
:vpi_time_precision - 12;
:vpi_module "/opt/oss-cad-suite/lib/ivl/system.vpi";
:vpi_module "/opt/oss-cad-suite/lib/ivl/vhdl_sys.vpi";
:vpi_module "/opt/oss-cad-suite/lib/ivl/vhdl_textio.vpi";
:vpi_module "/opt/oss-cad-suite/lib/ivl/v2005_math.vpi";
:vpi_module "/opt/oss-cad-suite/lib/ivl/va_math.vpi";
S_0x4000083ac0 .scope module, "tb" "tb" 2 3;
 .timescale -9 -12;
v0x40000bb9d0_0 .var "clk", 0 0;
v0x40000bba90_0 .net "done", 0 0, v0x40000babb0_0;  1 drivers
v0x40000bbb60_0 .net "max_area", 63 0, v0x40000bb0d0_0;  1 drivers
v0x40000bbc60_0 .var "rst", 0 0;
E_0x400008a770 .event anyedge, v0x40000babb0_0;
S_0x400009a720 .scope module, "uut" "solution" 2 10, 3 3 0, S_0x4000083ac0;
 .timescale -9 -12;
    .port_info 0 /INPUT 1 "clk";
    .port_info 1 /INPUT 1 "rst";
    .port_info 2 /OUTPUT 64 "max_area";
    .port_info 3 /OUTPUT 1 "done";
P_0x400009a8b0 .param/l "DEPTH" 1 4 3, +C4<00000000000000000000000001111100>;
P_0x400009a8f0 .param/l "N" 1 4 1, +C4<00000000000000000000000111110000>;
P_0x400009a930 .param/l "N_PADDED" 1 4 2, +C4<00000000000000000000000111110000>;
P_0x400009a970 .param/l "S_DONE" 1 3 28, +C4<00000000000000000000000000000010>;
P_0x400009a9b0 .param/l "S_FETCH_I" 1 3 26, +C4<00000000000000000000000000000000>;
P_0x400009a9f0 .param/l "S_RUN_J" 1 3 27, +C4<00000000000000000000000000000001>;
v0x40000ba530_0 .net *"_ivl_1", 13 0, L_0x40000bbd30;  1 drivers
L_0x40025f4018 .functor BUFT 1, C4<00>, C4<0>, C4<0>, C4<0>;
v0x40000ba630_0 .net *"_ivl_5", 1 0, L_0x40025f4018;  1 drivers
v0x40000ba710_0 .var "area0", 63 0;
v0x40000ba800_0 .var "area1", 63 0;
v0x40000ba8e0_0 .var "area2", 63 0;
v0x40000baa10_0 .var "area3", 63 0;
v0x40000baaf0_0 .net "clk", 0 0, v0x40000bb9d0_0;  1 drivers
v0x40000babb0_0 .var "done", 0 0;
v0x40000bac70_0 .var "fetch_i_block_data", 255 0;
v0x40000bad50_0 .var "i", 15 0;
v0x40000bae30_0 .net "i_blk_idx", 15 0, L_0x40000bbe30;  1 drivers
v0x40000baf10_0 .net "i_sub_idx", 1 0, L_0x40000bbf50;  1 drivers
v0x40000baff0_0 .var "j_block", 15 0;
v0x40000bb0d0_0 .var "max_area", 63 0;
v0x40000bb1b0 .array "mem", 123 0, 255 0;
v0x40000bb270_0 .var "p0", 63 0;
v0x40000bb350_0 .var "p1", 63 0;
v0x40000bb430_0 .var "p2", 63 0;
v0x40000bb510_0 .var "p3", 63 0;
v0x40000bb5f0_0 .var "p_i", 63 0;
v0x40000bb6d0_0 .var "row_j", 255 0;
v0x40000bb7b0_0 .net "rst", 0 0, v0x40000bbc60_0;  1 drivers
v0x40000bb870_0 .var "state", 1 0;
E_0x400008aaf0 .event posedge, v0x40000baaf0_0;
E_0x40000503f0/0 .event anyedge, v0x40000bb6d0_0, v0x40000bb5f0_0, v0x40000bb270_0, v0x40000bb350_0;
E_0x40000503f0/1 .event anyedge, v0x40000bb430_0, v0x40000bb510_0;
E_0x40000503f0 .event/or E_0x40000503f0/0, E_0x40000503f0/1;
L_0x40000bbd30 .part v0x40000bad50_0, 2, 14;
L_0x40000bbe30 .concat [ 14 2 0 0], L_0x40000bbd30, L_0x40025f4018;
L_0x40000bbf50 .part v0x40000bad50_0, 0, 2;
S_0x400004fd40 .scope function.vec4.s32, "abs_diff" "abs_diff" 3 32, 3 32 0, S_0x400009a720;
 .timescale -9 -12;
v0x400004ff20_0 .var "a", 31 0;
; Variable abs_diff is vec4 return value of scope S_0x400004fd40
v0x40000ba440_0 .var "b", 31 0;
TD_tb.uut.abs_diff ;
    %load/vec4 v0x40000ba440_0;
    %load/vec4 v0x400004ff20_0;
    %cmp/u;
    %jmp/0xz  T_0.0, 5;
    %load/vec4 v0x400004ff20_0;
    %load/vec4 v0x40000ba440_0;
    %sub;
    %ret/vec4 0, 0, 32;  Assign to abs_diff (store_vec4_to_lval)
    %jmp T_0.1;
T_0.0 ;
    %load/vec4 v0x40000ba440_0;
    %load/vec4 v0x400004ff20_0;
    %sub;
    %ret/vec4 0, 0, 32;  Assign to abs_diff (store_vec4_to_lval)
T_0.1 ;
    %end;
    .scope S_0x400009a720;
T_1 ;
    %vpi_call 3 15 "$readmemh", "../input/points.hex", v0x40000bb1b0 {0 0 0};
    %end;
    .thread T_1;
    .scope S_0x400009a720;
T_2 ;
    %wait E_0x40000503f0;
    %load/vec4 v0x40000bb6d0_0;
    %parti/s 64, 0, 2;
    %store/vec4 v0x40000bb270_0, 0, 64;
    %load/vec4 v0x40000bb6d0_0;
    %parti/s 64, 64, 8;
    %store/vec4 v0x40000bb350_0, 0, 64;
    %load/vec4 v0x40000bb6d0_0;
    %parti/s 64, 128, 9;
    %store/vec4 v0x40000bb430_0, 0, 64;
    %load/vec4 v0x40000bb6d0_0;
    %parti/s 64, 192, 9;
    %store/vec4 v0x40000bb510_0, 0, 64;
    %pushi/vec4 0, 0, 48;
    %load/vec4 v0x40000bb5f0_0;
    %parti/s 32, 0, 2;
    %load/vec4 v0x40000bb270_0;
    %parti/s 32, 0, 2;
    %store/vec4 v0x40000ba440_0, 0, 32;
    %store/vec4 v0x400004ff20_0, 0, 32;
    %callf/vec4 TD_tb.uut.abs_diff, S_0x400004fd40;
    %concat/vec4; draw_concat_vec4
    %addi 1, 0, 80;
    %pushi/vec4 0, 0, 48;
    %load/vec4 v0x40000bb5f0_0;
    %parti/s 32, 32, 7;
    %load/vec4 v0x40000bb270_0;
    %parti/s 32, 32, 7;
    %store/vec4 v0x40000ba440_0, 0, 32;
    %store/vec4 v0x400004ff20_0, 0, 32;
    %callf/vec4 TD_tb.uut.abs_diff, S_0x400004fd40;
    %concat/vec4; draw_concat_vec4
    %addi 1, 0, 80;
    %mul;
    %pad/u 64;
    %store/vec4 v0x40000ba710_0, 0, 64;
    %pushi/vec4 0, 0, 48;
    %load/vec4 v0x40000bb5f0_0;
    %parti/s 32, 0, 2;
    %load/vec4 v0x40000bb350_0;
    %parti/s 32, 0, 2;
    %store/vec4 v0x40000ba440_0, 0, 32;
    %store/vec4 v0x400004ff20_0, 0, 32;
    %callf/vec4 TD_tb.uut.abs_diff, S_0x400004fd40;
    %concat/vec4; draw_concat_vec4
    %addi 1, 0, 80;
    %pushi/vec4 0, 0, 48;
    %load/vec4 v0x40000bb5f0_0;
    %parti/s 32, 32, 7;
    %load/vec4 v0x40000bb350_0;
    %parti/s 32, 32, 7;
    %store/vec4 v0x40000ba440_0, 0, 32;
    %store/vec4 v0x400004ff20_0, 0, 32;
    %callf/vec4 TD_tb.uut.abs_diff, S_0x400004fd40;
    %concat/vec4; draw_concat_vec4
    %addi 1, 0, 80;
    %mul;
    %pad/u 64;
    %store/vec4 v0x40000ba800_0, 0, 64;
    %pushi/vec4 0, 0, 48;
    %load/vec4 v0x40000bb5f0_0;
    %parti/s 32, 0, 2;
    %load/vec4 v0x40000bb430_0;
    %parti/s 32, 0, 2;
    %store/vec4 v0x40000ba440_0, 0, 32;
    %store/vec4 v0x400004ff20_0, 0, 32;
    %callf/vec4 TD_tb.uut.abs_diff, S_0x400004fd40;
    %concat/vec4; draw_concat_vec4
    %addi 1, 0, 80;
    %pushi/vec4 0, 0, 48;
    %load/vec4 v0x40000bb5f0_0;
    %parti/s 32, 32, 7;
    %load/vec4 v0x40000bb430_0;
    %parti/s 32, 32, 7;
    %store/vec4 v0x40000ba440_0, 0, 32;
    %store/vec4 v0x400004ff20_0, 0, 32;
    %callf/vec4 TD_tb.uut.abs_diff, S_0x400004fd40;
    %concat/vec4; draw_concat_vec4
    %addi 1, 0, 80;
    %mul;
    %pad/u 64;
    %store/vec4 v0x40000ba8e0_0, 0, 64;
    %pushi/vec4 0, 0, 48;
    %load/vec4 v0x40000bb5f0_0;
    %parti/s 32, 0, 2;
    %load/vec4 v0x40000bb510_0;
    %parti/s 32, 0, 2;
    %store/vec4 v0x40000ba440_0, 0, 32;
    %store/vec4 v0x400004ff20_0, 0, 32;
    %callf/vec4 TD_tb.uut.abs_diff, S_0x400004fd40;
    %concat/vec4; draw_concat_vec4
    %addi 1, 0, 80;
    %pushi/vec4 0, 0, 48;
    %load/vec4 v0x40000bb5f0_0;
    %parti/s 32, 32, 7;
    %load/vec4 v0x40000bb510_0;
    %parti/s 32, 32, 7;
    %store/vec4 v0x40000ba440_0, 0, 32;
    %store/vec4 v0x400004ff20_0, 0, 32;
    %callf/vec4 TD_tb.uut.abs_diff, S_0x400004fd40;
    %concat/vec4; draw_concat_vec4
    %addi 1, 0, 80;
    %mul;
    %pad/u 64;
    %store/vec4 v0x40000baa10_0, 0, 64;
    %jmp T_2;
    .thread T_2, $push;
    .scope S_0x400009a720;
T_3 ;
    %wait E_0x400008aaf0;
    %load/vec4 v0x40000bb7b0_0;
    %flag_set/vec4 8;
    %jmp/0xz  T_3.0, 8;
    %pushi/vec4 0, 0, 2;
    %assign/vec4 v0x40000bb870_0, 0;
    %pushi/vec4 0, 0, 16;
    %assign/vec4 v0x40000bad50_0, 0;
    %pushi/vec4 0, 0, 16;
    %assign/vec4 v0x40000baff0_0, 0;
    %pushi/vec4 0, 0, 64;
    %assign/vec4 v0x40000bb0d0_0, 0;
    %pushi/vec4 0, 0, 1;
    %assign/vec4 v0x40000babb0_0, 0;
    %pushi/vec4 0, 0, 64;
    %assign/vec4 v0x40000bb5f0_0, 0;
    %jmp T_3.1;
T_3.0 ;
    %load/vec4 v0x40000bb870_0;
    %dup/vec4;
    %pushi/vec4 0, 0, 2;
    %cmp/u;
    %jmp/1 T_3.2, 6;
    %dup/vec4;
    %pushi/vec4 1, 0, 2;
    %cmp/u;
    %jmp/1 T_3.3, 6;
    %dup/vec4;
    %pushi/vec4 2, 0, 2;
    %cmp/u;
    %jmp/1 T_3.4, 6;
    %jmp T_3.5;
T_3.2 ;
    %load/vec4 v0x40000bad50_0;
    %pad/u 32;
    %cmpi/u 496, 0, 32;
    %flag_inv 5; GE is !LT
    %jmp/0xz  T_3.6, 5;
    %pushi/vec4 2, 0, 2;
    %assign/vec4 v0x40000bb870_0, 0;
    %pushi/vec4 1, 0, 1;
    %assign/vec4 v0x40000babb0_0, 0;
    %jmp T_3.7;
T_3.6 ;
    %ix/getv 4, v0x40000bae30_0;
    %load/vec4a v0x40000bb1b0, 4;
    %store/vec4 v0x40000bac70_0, 0, 256;
    %load/vec4 v0x40000baf10_0;
    %dup/vec4;
    %pushi/vec4 0, 0, 2;
    %cmp/u;
    %jmp/1 T_3.8, 6;
    %dup/vec4;
    %pushi/vec4 1, 0, 2;
    %cmp/u;
    %jmp/1 T_3.9, 6;
    %dup/vec4;
    %pushi/vec4 2, 0, 2;
    %cmp/u;
    %jmp/1 T_3.10, 6;
    %dup/vec4;
    %pushi/vec4 3, 0, 2;
    %cmp/u;
    %jmp/1 T_3.11, 6;
    %jmp T_3.12;
T_3.8 ;
    %load/vec4 v0x40000bac70_0;
    %parti/s 64, 0, 2;
    %assign/vec4 v0x40000bb5f0_0, 0;
    %jmp T_3.12;
T_3.9 ;
    %load/vec4 v0x40000bac70_0;
    %parti/s 64, 64, 8;
    %assign/vec4 v0x40000bb5f0_0, 0;
    %jmp T_3.12;
T_3.10 ;
    %load/vec4 v0x40000bac70_0;
    %parti/s 64, 128, 9;
    %assign/vec4 v0x40000bb5f0_0, 0;
    %jmp T_3.12;
T_3.11 ;
    %load/vec4 v0x40000bac70_0;
    %parti/s 64, 192, 9;
    %assign/vec4 v0x40000bb5f0_0, 0;
    %jmp T_3.12;
T_3.12 ;
    %pop/vec4 1;
    %load/vec4 v0x40000bae30_0;
    %assign/vec4 v0x40000baff0_0, 0;
    %pushi/vec4 1, 0, 2;
    %assign/vec4 v0x40000bb870_0, 0;
T_3.7 ;
    %jmp T_3.5;
T_3.3 ;
    %ix/getv 4, v0x40000baff0_0;
    %load/vec4a v0x40000bb1b0, 4;
    %store/vec4 v0x40000bb6d0_0, 0, 256;
    %load/vec4 v0x40000bb0d0_0;
    %load/vec4 v0x40000ba710_0;
    %cmp/u;
    %jmp/0xz  T_3.13, 5;
    %load/vec4 v0x40000ba710_0;
    %assign/vec4 v0x40000bb0d0_0, 0;
T_3.13 ;
    %load/vec4 v0x40000bb0d0_0;
    %load/vec4 v0x40000ba800_0;
    %cmp/u;
    %jmp/0xz  T_3.15, 5;
    %load/vec4 v0x40000ba800_0;
    %assign/vec4 v0x40000bb0d0_0, 0;
T_3.15 ;
    %load/vec4 v0x40000bb0d0_0;
    %load/vec4 v0x40000ba8e0_0;
    %cmp/u;
    %jmp/0xz  T_3.17, 5;
    %load/vec4 v0x40000ba8e0_0;
    %assign/vec4 v0x40000bb0d0_0, 0;
T_3.17 ;
    %load/vec4 v0x40000bb0d0_0;
    %load/vec4 v0x40000baa10_0;
    %cmp/u;
    %jmp/0xz  T_3.19, 5;
    %load/vec4 v0x40000baa10_0;
    %assign/vec4 v0x40000bb0d0_0, 0;
T_3.19 ;
    %load/vec4 v0x40000baff0_0;
    %pad/u 32;
    %cmpi/e 123, 0, 32;
    %jmp/0xz  T_3.21, 4;
    %load/vec4 v0x40000bad50_0;
    %addi 1, 0, 16;
    %assign/vec4 v0x40000bad50_0, 0;
    %pushi/vec4 0, 0, 2;
    %assign/vec4 v0x40000bb870_0, 0;
    %jmp T_3.22;
T_3.21 ;
    %load/vec4 v0x40000baff0_0;
    %addi 1, 0, 16;
    %assign/vec4 v0x40000baff0_0, 0;
T_3.22 ;
    %jmp T_3.5;
T_3.4 ;
    %jmp T_3.5;
T_3.5 ;
    %pop/vec4 1;
T_3.1 ;
    %jmp T_3;
    .thread T_3;
    .scope S_0x4000083ac0;
T_4 ;
    %pushi/vec4 0, 0, 1;
    %store/vec4 v0x40000bb9d0_0, 0, 1;
T_4.0 ;
    %delay 5000, 0;
    %load/vec4 v0x40000bb9d0_0;
    %inv;
    %store/vec4 v0x40000bb9d0_0, 0, 1;
    %jmp T_4.0;
T_4.1 ;
    %end;
    .thread T_4;
    .scope S_0x4000083ac0;
T_5 ;
    %vpi_call 2 23 "$dumpfile", "build/wave.vcd" {0 0 0};
    %vpi_call 2 24 "$dumpvars", 32'sb00000000000000000000000000000000, S_0x4000083ac0 {0 0 0};
    %pushi/vec4 1, 0, 1;
    %store/vec4 v0x40000bbc60_0, 0, 1;
    %delay 100000, 0;
    %pushi/vec4 0, 0, 1;
    %store/vec4 v0x40000bbc60_0, 0, 1;
T_5.0 ;
    %load/vec4 v0x40000bba90_0;
    %cmpi/ne 1, 0, 1;
    %jmp/0xz T_5.1, 6;
    %wait E_0x400008a770;
    %jmp T_5.0;
T_5.1 ;
    %delay 100000, 0;
    %vpi_call 2 33 "$display", "--------------------------------" {0 0 0};
    %vpi_call 2 34 "$display", "Simulation Done." {0 0 0};
    %vpi_call 2 35 "$display", "Max Area: %d", v0x40000bbb60_0 {0 0 0};
    %vpi_call 2 36 "$display", "--------------------------------" {0 0 0};
    %vpi_call 2 37 "$finish" {0 0 0};
    %end;
    .thread T_5;
    .scope S_0x4000083ac0;
T_6 ;
    %delay 1410065408, 2;
    %vpi_call 2 43 "$display", "Timeout!" {0 0 0};
    %vpi_call 2 44 "$finish" {0 0 0};
    %end;
    .thread T_6;
# The file index is used to find the file name in the following table.
:file_names 5;
    "N/A";
    "<interactive>";
    "sim/tb.v";
    "src/solution.v";
    "src/params.vh";
