#! /opt/homebrew/Cellar/icarus-verilog/12.0/bin/vvp
:ivl_version "12.0 (stable)";
:ivl_delay_selection "TYPICAL";
:vpi_time_precision - 12;
:vpi_module "/opt/homebrew/Cellar/icarus-verilog/12.0/lib/ivl/system.vpi";
:vpi_module "/opt/homebrew/Cellar/icarus-verilog/12.0/lib/ivl/vhdl_sys.vpi";
:vpi_module "/opt/homebrew/Cellar/icarus-verilog/12.0/lib/ivl/vhdl_textio.vpi";
:vpi_module "/opt/homebrew/Cellar/icarus-verilog/12.0/lib/ivl/v2005_math.vpi";
:vpi_module "/opt/homebrew/Cellar/icarus-verilog/12.0/lib/ivl/va_math.vpi";
S_0x1031e28f0 .scope module, "tb" "tb" 2 3;
 .timescale -9 -12;
v0x8930588c0_0 .net "active_count", 63 0, v0x8930581e0_0;  1 drivers
v0x893058960_0 .var "clk", 0 0;
v0x893058a00_0 .net "done", 0 0, v0x8930583c0_0;  1 drivers
v0x893058aa0_0 .var "rst", 0 0;
v0x893058b40_0 .net "splitters_hit", 63 0, v0x893058640_0;  1 drivers
E_0x89302cbc0 .event anyedge, v0x8930583c0_0;
S_0x1031e2a70 .scope module, "uut" "solution" 2 11, 3 3 0, S_0x1031e28f0;
 .timescale -9 -12;
    .port_info 0 /INPUT 1 "clk";
    .port_info 1 /INPUT 1 "rst";
    .port_info 2 /OUTPUT 64 "splitters_hit";
    .port_info 3 /OUTPUT 64 "active_count";
    .port_info 4 /OUTPUT 1 "done";
P_0x1031dab60 .param/l "HEIGHT" 1 4 2, +C4<00000000000000000000000010001110>;
P_0x1031daba0 .param/l "MEM_SIZE" 1 4 3, +C4<00000000000000000100111000110110>;
P_0x1031dabe0 .param/l "S_DONE" 1 3 28, +C4<00000000000000000000000000000100>;
P_0x1031dac20 .param/l "S_INIT" 1 3 24, +C4<00000000000000000000000000000000>;
P_0x1031dac60 .param/l "S_ROW_END" 1 3 27, +C4<00000000000000000000000000000011>;
P_0x1031daca0 .param/l "S_ROW_START" 1 3 25, +C4<00000000000000000000000000000001>;
P_0x1031dace0 .param/l "S_SCAN_PIXEL" 1 3 26, +C4<00000000000000000000000000000010>;
P_0x1031dad20 .param/l "WIDTH" 1 4 1, +C4<00000000000000000000000010001101>;
v0x893058140_0 .var "active_beams", 140 0;
v0x8930581e0_0 .var "active_count", 63 0;
v0x893058280_0 .var "char_read", 7 0;
v0x893058320_0 .net "clk", 0 0, v0x893058960_0;  1 drivers
v0x8930583c0_0 .var "done", 0 0;
v0x893058460 .array "mem", 20021 0, 7 0;
v0x893058500_0 .var "next_active_beams", 140 0;
v0x8930585a0_0 .net "rst", 0 0, v0x893058aa0_0;  1 drivers
v0x893058640_0 .var "splitters_hit", 63 0;
v0x8930586e0_0 .var "state", 3 0;
v0x893058780_0 .var/i "x", 31 0;
v0x893058820_0 .var/i "y", 31 0;
E_0x89302cc00 .event posedge, v0x893058320_0;
S_0x1031e8c00 .scope function.vec4.s64, "count_bits" "count_bits" 3 44, 3 44 0, S_0x1031e2a70;
 .timescale -9 -12;
; Variable count_bits is vec4 return value of scope S_0x1031e8c00
v0x1031e8e20_0 .var/i "k", 31 0;
v0x1031dad60_0 .var "vec", 140 0;
TD_tb.uut.count_bits ;
    %pushi/vec4 0, 0, 64;
    %ret/vec4 0, 0, 64;  Assign to count_bits (store_vec4_to_lval)
    %pushi/vec4 0, 0, 32;
    %store/vec4 v0x1031e8e20_0, 0, 32;
T_0.0 ;
    %load/vec4 v0x1031e8e20_0;
    %cmpi/s 141, 0, 32;
    %jmp/0xz T_0.1, 5;
    %load/vec4 v0x1031dad60_0;
    %load/vec4 v0x1031e8e20_0;
    %part/s 1;
    %flag_set/vec4 8;
    %jmp/0xz  T_0.2, 8;
    %retload/vec4 0; Load count_bits (draw_signal_vec4)
    %addi 1, 0, 64;
    %ret/vec4 0, 0, 64;  Assign to count_bits (store_vec4_to_lval)
T_0.2 ;
    %load/vec4 v0x1031e8e20_0;
    %addi 1, 0, 32;
    %store/vec4 v0x1031e8e20_0, 0, 32;
    %jmp T_0.0;
T_0.1 ;
    %end;
S_0x1031e83a0 .scope function.vec4.u32, "get_addr" "get_addr" 3 33, 3 33 0, S_0x1031e2a70;
 .timescale -9 -12;
v0x1031e92a0_0 .var/i "cx", 31 0;
v0x893058000_0 .var/i "cy", 31 0;
; Variable get_addr is vec4 return value of scope S_0x1031e83a0
TD_tb.uut.get_addr ;
    %load/vec4 v0x893058000_0;
    %muli 141, 0, 32;
    %load/vec4 v0x1031e92a0_0;
    %add;
    %ret/vec4 0, 0, 32;  Assign to get_addr (store_vec4_to_lval)
    %end;
    .scope S_0x1031e2a70;
T_2 ;
    %vpi_call 3 15 "$readmemh", "../input/input.hex", v0x893058460 {0 0 0};
    %end;
    .thread T_2;
    .scope S_0x1031e2a70;
T_3 ;
    %wait E_0x89302cc00;
    %load/vec4 v0x8930585a0_0;
    %flag_set/vec4 8;
    %jmp/0xz  T_3.0, 8;
    %pushi/vec4 0, 0, 64;
    %assign/vec4 v0x893058640_0, 0;
    %pushi/vec4 0, 0, 64;
    %assign/vec4 v0x8930581e0_0, 0;
    %pushi/vec4 0, 0, 1;
    %assign/vec4 v0x8930583c0_0, 0;
    %pushi/vec4 0, 0, 4;
    %assign/vec4 v0x8930586e0_0, 0;
    %pushi/vec4 0, 0, 141;
    %assign/vec4 v0x893058140_0, 0;
    %pushi/vec4 0, 0, 141;
    %assign/vec4 v0x893058500_0, 0;
    %pushi/vec4 0, 0, 32;
    %assign/vec4 v0x893058780_0, 0;
    %pushi/vec4 0, 0, 32;
    %assign/vec4 v0x893058820_0, 0;
    %jmp T_3.1;
T_3.0 ;
    %load/vec4 v0x8930586e0_0;
    %dup/vec4;
    %pushi/vec4 0, 0, 4;
    %cmp/u;
    %jmp/1 T_3.2, 6;
    %dup/vec4;
    %pushi/vec4 1, 0, 4;
    %cmp/u;
    %jmp/1 T_3.3, 6;
    %dup/vec4;
    %pushi/vec4 2, 0, 4;
    %cmp/u;
    %jmp/1 T_3.4, 6;
    %dup/vec4;
    %pushi/vec4 3, 0, 4;
    %cmp/u;
    %jmp/1 T_3.5, 6;
    %dup/vec4;
    %pushi/vec4 4, 0, 4;
    %cmp/u;
    %jmp/1 T_3.6, 6;
    %jmp T_3.7;
T_3.2 ;
    %pushi/vec4 0, 0, 32;
    %assign/vec4 v0x893058820_0, 0;
    %pushi/vec4 1, 0, 4;
    %assign/vec4 v0x8930586e0_0, 0;
    %jmp T_3.7;
T_3.3 ;
    %pushi/vec4 0, 0, 32;
    %assign/vec4 v0x893058780_0, 0;
    %pushi/vec4 0, 0, 141;
    %assign/vec4 v0x893058500_0, 0;
    %pushi/vec4 2, 0, 4;
    %assign/vec4 v0x8930586e0_0, 0;
    %jmp T_3.7;
T_3.4 ;
    %load/vec4 v0x893058780_0;
    %cmpi/s 141, 0, 32;
    %flag_inv 5; GE is !LT
    %jmp/0xz  T_3.8, 5;
    %pushi/vec4 3, 0, 4;
    %assign/vec4 v0x8930586e0_0, 0;
    %jmp T_3.9;
T_3.8 ;
    %load/vec4 v0x893058780_0;
    %load/vec4 v0x893058820_0;
    %store/vec4 v0x893058000_0, 0, 32;
    %store/vec4 v0x1031e92a0_0, 0, 32;
    %callf/vec4 TD_tb.uut.get_addr, S_0x1031e83a0;
    %ix/vec4/s 4;
    %load/vec4a v0x893058460, 4;
    %store/vec4 v0x893058280_0, 0, 8;
    %load/vec4 v0x893058280_0;
    %pushi/vec4 83, 0, 8; draw_string_vec4
    %cmp/e;
    %jmp/0xz  T_3.10, 4;
    %pushi/vec4 1, 0, 1;
    %ix/load 5, 0, 0;
    %ix/getv/s 4, v0x893058780_0;
    %assign/vec4/off/d v0x893058500_0, 4, 5;
T_3.10 ;
    %load/vec4 v0x893058140_0;
    %load/vec4 v0x893058780_0;
    %part/s 1;
    %flag_set/vec4 8;
    %jmp/1 T_3.14, 8;
    %load/vec4 v0x893058280_0;
    %pushi/vec4 83, 0, 8; draw_string_vec4
    %cmp/e;
    %flag_or 8, 4;
T_3.14;
    %jmp/0xz  T_3.12, 8;
    %load/vec4 v0x893058280_0;
    %pushi/vec4 94, 0, 8; draw_string_vec4
    %cmp/e;
    %jmp/0xz  T_3.15, 4;
    %load/vec4 v0x893058640_0;
    %addi 1, 0, 64;
    %assign/vec4 v0x893058640_0, 0;
    %load/vec4 v0x893058780_0;
    %cmpi/s 0, 0, 32;
    %flag_or 5, 4; GT is !LE
    %flag_inv 5;
    %jmp/0xz  T_3.17, 5;
    %pushi/vec4 1, 0, 1;
    %ix/load 5, 0, 0;
    %load/vec4 v0x893058780_0;
    %subi 1, 0, 32;
    %ix/vec4/s 4;
    %assign/vec4/off/d v0x893058500_0, 4, 5;
T_3.17 ;
    %jmp T_3.16;
T_3.15 ;
    %pushi/vec4 1, 0, 1;
    %ix/load 5, 0, 0;
    %ix/getv/s 4, v0x893058780_0;
    %assign/vec4/off/d v0x893058500_0, 4, 5;
T_3.16 ;
T_3.12 ;
    %pushi/vec4 2, 0, 4;
    %assign/vec4 v0x8930586e0_0, 0;
    %load/vec4 v0x893058280_0;
    %pushi/vec4 83, 0, 8; draw_string_vec4
    %cmp/e;
    %jmp/0xz  T_3.19, 4;
    %load/vec4 v0x893058500_0;
    %pushi/vec4 1, 0, 141;
    %load/vec4 v0x893058780_0;
    %ix/vec4 4;
    %shiftl 4;
    %or;
    %assign/vec4 v0x893058500_0, 0;
T_3.19 ;
    %load/vec4 v0x893058140_0;
    %load/vec4 v0x893058780_0;
    %part/s 1;
    %flag_set/vec4 8;
    %jmp/1 T_3.23, 8;
    %load/vec4 v0x893058280_0;
    %pushi/vec4 83, 0, 8; draw_string_vec4
    %cmp/e;
    %flag_or 8, 4;
T_3.23;
    %jmp/0xz  T_3.21, 8;
    %load/vec4 v0x893058280_0;
    %pushi/vec4 94, 0, 8; draw_string_vec4
    %cmp/e;
    %jmp/0xz  T_3.24, 4;
    %load/vec4 v0x893058640_0;
    %addi 1, 0, 64;
    %assign/vec4 v0x893058640_0, 0;
    %load/vec4 v0x893058780_0;
    %cmpi/s 0, 0, 32;
    %flag_or 5, 4; GT is !LE
    %flag_inv 5;
    %flag_get/vec4 5;
    %jmp/0 T_3.28, 5;
    %load/vec4 v0x893058780_0;
    %cmpi/s 140, 0, 32;
    %flag_get/vec4 5;
    %and;
T_3.28;
    %flag_set/vec4 8;
    %jmp/0xz  T_3.26, 8;
    %load/vec4 v0x893058500_0;
    %pushi/vec4 1, 0, 141;
    %load/vec4 v0x893058780_0;
    %subi 1, 0, 32;
    %ix/vec4 4;
    %shiftl 4;
    %or;
    %pushi/vec4 1, 0, 141;
    %load/vec4 v0x893058780_0;
    %addi 1, 0, 32;
    %ix/vec4 4;
    %shiftl 4;
    %or;
    %assign/vec4 v0x893058500_0, 0;
    %jmp T_3.27;
T_3.26 ;
    %load/vec4 v0x893058780_0;
    %cmpi/s 0, 0, 32;
    %flag_or 5, 4; GT is !LE
    %flag_inv 5;
    %jmp/0xz  T_3.29, 5;
    %load/vec4 v0x893058500_0;
    %pushi/vec4 1, 0, 141;
    %load/vec4 v0x893058780_0;
    %subi 1, 0, 32;
    %ix/vec4 4;
    %shiftl 4;
    %or;
    %assign/vec4 v0x893058500_0, 0;
    %jmp T_3.30;
T_3.29 ;
    %load/vec4 v0x893058780_0;
    %cmpi/s 140, 0, 32;
    %jmp/0xz  T_3.31, 5;
    %load/vec4 v0x893058500_0;
    %pushi/vec4 1, 0, 141;
    %load/vec4 v0x893058780_0;
    %addi 1, 0, 32;
    %ix/vec4 4;
    %shiftl 4;
    %or;
    %assign/vec4 v0x893058500_0, 0;
T_3.31 ;
T_3.30 ;
T_3.27 ;
    %jmp T_3.25;
T_3.24 ;
    %load/vec4 v0x893058500_0;
    %pushi/vec4 1, 0, 141;
    %load/vec4 v0x893058780_0;
    %ix/vec4 4;
    %shiftl 4;
    %or;
    %assign/vec4 v0x893058500_0, 0;
T_3.25 ;
T_3.21 ;
    %load/vec4 v0x893058780_0;
    %addi 1, 0, 32;
    %assign/vec4 v0x893058780_0, 0;
T_3.9 ;
    %jmp T_3.7;
T_3.5 ;
    %load/vec4 v0x893058500_0;
    %assign/vec4 v0x893058140_0, 0;
    %load/vec4 v0x893058500_0;
    %store/vec4 v0x1031dad60_0, 0, 141;
    %callf/vec4 TD_tb.uut.count_bits, S_0x1031e8c00;
    %assign/vec4 v0x8930581e0_0, 0;
    %load/vec4 v0x893058820_0;
    %cmpi/s 141, 0, 32;
    %flag_inv 5; GE is !LT
    %jmp/0xz  T_3.33, 5;
    %pushi/vec4 4, 0, 4;
    %assign/vec4 v0x8930586e0_0, 0;
    %pushi/vec4 1, 0, 1;
    %assign/vec4 v0x8930583c0_0, 0;
    %jmp T_3.34;
T_3.33 ;
    %load/vec4 v0x893058820_0;
    %addi 1, 0, 32;
    %assign/vec4 v0x893058820_0, 0;
    %pushi/vec4 1, 0, 4;
    %assign/vec4 v0x8930586e0_0, 0;
T_3.34 ;
    %jmp T_3.7;
T_3.6 ;
    %jmp T_3.7;
T_3.7 ;
    %pop/vec4 1;
T_3.1 ;
    %jmp T_3;
    .thread T_3;
    .scope S_0x1031e28f0;
T_4 ;
    %pushi/vec4 0, 0, 1;
    %store/vec4 v0x893058960_0, 0, 1;
T_4.0 ;
    %delay 5000, 0;
    %load/vec4 v0x893058960_0;
    %inv;
    %store/vec4 v0x893058960_0, 0, 1;
    %jmp T_4.0;
    %end;
    .thread T_4;
    .scope S_0x1031e28f0;
T_5 ;
    %vpi_call 2 25 "$dumpfile", "build/wave.vcd" {0 0 0};
    %vpi_call 2 26 "$dumpvars", 32'sb00000000000000000000000000000000, S_0x1031e28f0 {0 0 0};
    %pushi/vec4 1, 0, 1;
    %store/vec4 v0x893058aa0_0, 0, 1;
    %delay 100000, 0;
    %pushi/vec4 0, 0, 1;
    %store/vec4 v0x893058aa0_0, 0, 1;
T_5.0 ;
    %load/vec4 v0x893058a00_0;
    %cmpi/ne 1, 0, 1;
    %jmp/0xz T_5.1, 6;
    %wait E_0x89302cbc0;
    %jmp T_5.0;
T_5.1 ;
    %delay 100000, 0;
    %vpi_call 2 35 "$display", "--------------------------------" {0 0 0};
    %vpi_call 2 36 "$display", "Simulation Done." {0 0 0};
    %vpi_call 2 37 "$display", "Splitters Hit: %d", v0x893058b40_0 {0 0 0};
    %vpi_call 2 38 "$display", "Active Beams (Bottom): %d", v0x8930588c0_0 {0 0 0};
    %vpi_call 2 39 "$display", "--------------------------------" {0 0 0};
    %vpi_call 2 40 "$finish" {0 0 0};
    %end;
    .thread T_5;
    .scope S_0x1031e28f0;
T_6 ;
    %delay 1410065408, 2;
    %vpi_call 2 45 "$display", "Timeout!" {0 0 0};
    %vpi_call 2 46 "$finish" {0 0 0};
    %end;
    .thread T_6;
# The file index is used to find the file name in the following table.
:file_names 5;
    "N/A";
    "<interactive>";
    "sim/tb.v";
    "src/solution.v";
    "src/params.vh";
