#! /opt/homebrew/Cellar/icarus-verilog/12.0/bin/vvp
:ivl_version "12.0 (stable)";
:ivl_delay_selection "TYPICAL";
:vpi_time_precision - 12;
:vpi_module "/opt/homebrew/Cellar/icarus-verilog/12.0/lib/ivl/system.vpi";
:vpi_module "/opt/homebrew/Cellar/icarus-verilog/12.0/lib/ivl/vhdl_sys.vpi";
:vpi_module "/opt/homebrew/Cellar/icarus-verilog/12.0/lib/ivl/vhdl_textio.vpi";
:vpi_module "/opt/homebrew/Cellar/icarus-verilog/12.0/lib/ivl/v2005_math.vpi";
:vpi_module "/opt/homebrew/Cellar/icarus-verilog/12.0/lib/ivl/va_math.vpi";
S_0x102c45880 .scope module, "tb" "tb" 2 3;
 .timescale -9 -12;
v0xa10cbd360_0 .var "clk", 0 0;
v0xa10cbd400_0 .net "done", 0 0, v0xa10cbc0a0_0;  1 drivers
v0xa10cbd4a0_0 .var "rst", 0 0;
v0xa10cbd540_0 .net "total_count", 63 0, v0xa10cbd180_0;  1 drivers
E_0xa10c737c0 .event anyedge, v0xa10cbc0a0_0;
S_0x102c45a00 .scope module, "uut" "solution" 2 10, 3 3 0, S_0x102c45880;
 .timescale 0 0;
    .port_info 0 /INPUT 1 "clk";
    .port_info 1 /INPUT 1 "rst";
    .port_info 2 /OUTPUT 64 "total_count";
    .port_info 3 /OUTPUT 1 "done";
P_0x102c4a960 .param/l "S_BACKTRACK" 1 3 66, +C4<00000000000000000000000000001000>;
P_0x102c4a9a0 .param/l "S_CHECK_FIT" 1 3 63, +C4<00000000000000000000000000000101>;
P_0x102c4a9e0 .param/l "S_DONE_ALL" 1 3 70, +C4<00000000000000000000000000001100>;
P_0x102c4aa20 .param/l "S_FETCH_PROB" 1 3 59, +C4<00000000000000000000000000000001>;
P_0x102c4aa60 .param/l "S_FETCH_VAR" 1 3 61, +C4<00000000000000000000000000000011>;
P_0x102c4aaa0 .param/l "S_FIND_EMPTY" 1 3 60, +C4<00000000000000000000000000000010>;
P_0x102c4aae0 .param/l "S_FINISH_PROB" 1 3 69, +C4<00000000000000000000000000001011>;
P_0x102c4ab20 .param/l "S_NEXT_VAR" 1 3 65, +C4<00000000000000000000000000000111>;
P_0x102c4ab60 .param/l "S_PLACE_MOVE" 1 3 64, +C4<00000000000000000000000000000110>;
P_0x102c4aba0 .param/l "S_READY_VAR" 1 3 62, +C4<00000000000000000000000000000100>;
P_0x102c4abe0 .param/l "S_START" 1 3 58, +C4<00000000000000000000000000000000>;
P_0x102c4ac20 .param/l "S_UNDO_FETCH" 1 3 67, +C4<00000000000000000000000000001001>;
P_0x102c4ac60 .param/l "S_UNDO_GRID" 1 3 68, +C4<00000000000000000000000000001010>;
v0x102c3fc00_0 .var/i "H", 31 0;
v0x102c3c9e0_0 .var/i "NumItems", 31 0;
v0x102c3ca80_0 .var/i "W", 31 0;
v0x102c3cb20_0 .var/i "base_addr", 31 0;
v0x102c3cbc0_0 .var/i "c", 31 0;
v0x102c3cc60_0 .net "clk", 0 0, v0xa10cbd360_0;  1 drivers
v0x102c4b7e0_0 .var "collision", 0 0;
v0x102c4b880_0 .var/i "cur_c", 31 0;
v0x102c4b920_0 .var/i "cur_r", 31 0;
v0x102c4b9c0_0 .var/i "cur_v", 31 0;
v0x102c4ba60_0 .var/i "debug_cnt", 31 0;
v0xa10cbc000_0 .var/i "depth", 31 0;
v0xa10cbc0a0_0 .var "done", 0 0;
v0xa10cbc140_0 .var/i "first_c", 31 0;
v0xa10cbc1e0_0 .var/i "first_r", 31 0;
v0xa10cbc280_0 .var "found_empty", 0 0;
v0xa10cbc320 .array "grid", 49 0, 49 0;
v0xa10cbc3c0_0 .var/i "i", 31 0;
v0xa10cbc460_0 .var/i "items_ptr", 31 0;
v0xa10cbc500 .array "mem", 262143 0, 31 0;
v0xa10cbc5a0_0 .var/i "mr", 31 0;
v0xa10cbc640_0 .var/i "num_probs", 31 0;
v0xa10cbc6e0_0 .var/i "prob_idx", 31 0;
v0xa10cbc780_0 .var/i "prob_ptr", 31 0;
v0xa10cbc820_0 .var/i "r", 31 0;
v0xa10cbc8c0_0 .var "rev_row", 7 0;
v0xa10cbc960_0 .var "row_mask", 49 0;
v0xa10cbca00_0 .net "rst", 0 0, v0xa10cbd4a0_0;  1 drivers
v0xa10cbcaa0_0 .var "s_h", 31 0;
v0xa10cbcb40_0 .var "s_mask", 63 0;
v0xa10cbcbe0_0 .var "s_packed", 31 0;
v0xa10cbcc80_0 .var "s_w", 31 0;
v0xa10cbcd20_0 .var/i "shape_id", 31 0;
v0xa10cbcdc0 .array "shape_idx_mem", 63 0, 31 0;
v0xa10cbce60 .array "shape_mem", 4095 0, 31 0;
v0xa10cbcf00 .array "stack", 511 0, 63 0;
v0xa10cbcfa0_0 .var "state", 3 0;
v0xa10cbd040_0 .var/i "target_c", 31 0;
v0xa10cbd0e0_0 .var/i "target_r", 31 0;
v0xa10cbd180_0 .var "total_count", 63 0;
v0xa10cbd220_0 .var/i "var_count", 31 0;
v0xa10cbd2c0_0 .var/i "var_start", 31 0;
E_0xa10c73800 .event posedge, v0x102c3cc60_0;
    .scope S_0x102c45a00;
T_0 ;
    %vpi_call 3 15 "$readmemh", "input.hex", v0xa10cbc500 {0 0 0};
    %vpi_call 3 16 "$readmemh", "shapes.hex", v0xa10cbce60 {0 0 0};
    %vpi_call 3 17 "$readmemh", "shape_idx.hex", v0xa10cbcdc0 {0 0 0};
    %end;
    .thread T_0;
    .scope S_0x102c45a00;
T_1 ;
    %wait E_0xa10c73800;
    %load/vec4 v0xa10cbca00_0;
    %flag_set/vec4 8;
    %jmp/0xz  T_1.0, 8;
    %pushi/vec4 0, 0, 64;
    %assign/vec4 v0xa10cbd180_0, 0;
    %pushi/vec4 0, 0, 1;
    %assign/vec4 v0xa10cbc0a0_0, 0;
    %pushi/vec4 0, 0, 4;
    %assign/vec4 v0xa10cbcfa0_0, 0;
    %pushi/vec4 1, 0, 32;
    %assign/vec4 v0xa10cbc780_0, 0;
    %pushi/vec4 0, 0, 32;
    %assign/vec4 v0x102c4ba60_0, 0;
    %jmp T_1.1;
T_1.0 ;
    %load/vec4 v0xa10cbcfa0_0;
    %dup/vec4;
    %pushi/vec4 0, 0, 4;
    %cmp/u;
    %jmp/1 T_1.2, 6;
    %dup/vec4;
    %pushi/vec4 1, 0, 4;
    %cmp/u;
    %jmp/1 T_1.3, 6;
    %dup/vec4;
    %pushi/vec4 2, 0, 4;
    %cmp/u;
    %jmp/1 T_1.4, 6;
    %dup/vec4;
    %pushi/vec4 3, 0, 4;
    %cmp/u;
    %jmp/1 T_1.5, 6;
    %dup/vec4;
    %pushi/vec4 4, 0, 4;
    %cmp/u;
    %jmp/1 T_1.6, 6;
    %dup/vec4;
    %pushi/vec4 5, 0, 4;
    %cmp/u;
    %jmp/1 T_1.7, 6;
    %dup/vec4;
    %pushi/vec4 6, 0, 4;
    %cmp/u;
    %jmp/1 T_1.8, 6;
    %dup/vec4;
    %pushi/vec4 7, 0, 4;
    %cmp/u;
    %jmp/1 T_1.9, 6;
    %dup/vec4;
    %pushi/vec4 8, 0, 4;
    %cmp/u;
    %jmp/1 T_1.10, 6;
    %dup/vec4;
    %pushi/vec4 9, 0, 4;
    %cmp/u;
    %jmp/1 T_1.11, 6;
    %dup/vec4;
    %pushi/vec4 10, 0, 4;
    %cmp/u;
    %jmp/1 T_1.12, 6;
    %dup/vec4;
    %pushi/vec4 11, 0, 4;
    %cmp/u;
    %jmp/1 T_1.13, 6;
    %dup/vec4;
    %pushi/vec4 12, 0, 4;
    %cmp/u;
    %jmp/1 T_1.14, 6;
    %jmp T_1.15;
T_1.2 ;
    %load/vec4 v0x102c4ba60_0;
    %cmpi/e 0, 0, 32;
    %jmp/0xz  T_1.16, 4;
    %vpi_call 3 84 "$display", "SIM START: Reset active." {0 0 0};
T_1.16 ;
    %ix/load 4, 0, 0;
    %flag_set/imm 4, 0;
    %load/vec4a v0xa10cbc500, 4;
    %store/vec4 v0xa10cbc640_0, 0, 32;
    %pushi/vec4 0, 0, 32;
    %assign/vec4 v0xa10cbc6e0_0, 0;
    %pushi/vec4 1, 0, 32;
    %assign/vec4 v0xa10cbc780_0, 0;
    %pushi/vec4 1, 0, 4;
    %assign/vec4 v0xa10cbcfa0_0, 0;
    %jmp T_1.15;
T_1.3 ;
    %load/vec4 v0xa10cbc640_0;
    %load/vec4 v0xa10cbc6e0_0;
    %cmp/s;
    %flag_or 5, 4;
    %jmp/0xz  T_1.18, 5;
    %pushi/vec4 12, 0, 4;
    %assign/vec4 v0xa10cbcfa0_0, 0;
    %pushi/vec4 1, 0, 1;
    %assign/vec4 v0xa10cbc0a0_0, 0;
    %jmp T_1.19;
T_1.18 ;
    %pushi/vec4 0, 0, 16;
    %ix/getv/s 4, v0xa10cbc780_0;
    %load/vec4a v0xa10cbc500, 4;
    %parti/s 16, 16, 6;
    %concat/vec4; draw_concat_vec4
    %store/vec4 v0x102c3ca80_0, 0, 32;
    %pushi/vec4 0, 0, 16;
    %ix/getv/s 4, v0xa10cbc780_0;
    %load/vec4a v0xa10cbc500, 4;
    %parti/s 16, 0, 2;
    %concat/vec4; draw_concat_vec4
    %store/vec4 v0x102c3fc00_0, 0, 32;
    %load/vec4 v0xa10cbc780_0;
    %addi 1, 0, 32;
    %ix/vec4/s 4;
    %load/vec4a v0xa10cbc500, 4;
    %store/vec4 v0x102c3c9e0_0, 0, 32;
    %load/vec4 v0xa10cbc780_0;
    %addi 2, 0, 32;
    %store/vec4 v0xa10cbc460_0, 0, 32;
    %pushi/vec4 0, 0, 32;
    %store/vec4 v0xa10cbc3c0_0, 0, 32;
T_1.20 ;
    %load/vec4 v0xa10cbc3c0_0;
    %cmpi/s 50, 0, 32;
    %jmp/0xz T_1.21, 5;
    %pushi/vec4 0, 0, 50;
    %ix/getv/s 3, v0xa10cbc3c0_0;
    %ix/load 4, 0, 0; Constant delay
    %assign/vec4/a/d v0xa10cbc320, 0, 4;
    %load/vec4 v0xa10cbc3c0_0;
    %addi 1, 0, 32;
    %store/vec4 v0xa10cbc3c0_0, 0, 32;
    %jmp T_1.20;
T_1.21 ;
    %pushi/vec4 0, 0, 32;
    %assign/vec4 v0xa10cbc000_0, 0;
    %pushi/vec4 2, 0, 4;
    %assign/vec4 v0xa10cbcfa0_0, 0;
T_1.19 ;
    %jmp T_1.15;
T_1.4 ;
    %load/vec4 v0xa10cbc000_0;
    %load/vec4 v0x102c3c9e0_0;
    %cmp/e;
    %jmp/0xz  T_1.22, 4;
    %load/vec4 v0xa10cbd180_0;
    %addi 1, 0, 64;
    %assign/vec4 v0xa10cbd180_0, 0;
    %pushi/vec4 11, 0, 4;
    %assign/vec4 v0xa10cbcfa0_0, 0;
    %jmp T_1.23;
T_1.22 ;
    %pushi/vec4 0, 0, 1;
    %store/vec4 v0xa10cbc280_0, 0, 1;
    %pushi/vec4 0, 0, 32;
    %store/vec4 v0xa10cbd0e0_0, 0, 32;
    %pushi/vec4 0, 0, 32;
    %store/vec4 v0xa10cbd040_0, 0, 32;
    %pushi/vec4 0, 0, 32;
    %store/vec4 v0xa10cbc820_0, 0, 32;
T_1.24 ;
    %load/vec4 v0xa10cbc820_0;
    %load/vec4 v0x102c3fc00_0;
    %cmp/s;
    %jmp/0xz T_1.25, 5;
    %load/vec4 v0xa10cbc280_0;
    %nor/r;
    %flag_set/vec4 8;
    %jmp/0xz  T_1.26, 8;
    %pushi/vec4 0, 0, 32;
    %store/vec4 v0x102c3cbc0_0, 0, 32;
T_1.28 ;
    %load/vec4 v0x102c3cbc0_0;
    %load/vec4 v0x102c3ca80_0;
    %cmp/s;
    %jmp/0xz T_1.29, 5;
    %load/vec4 v0xa10cbc280_0;
    %nor/r;
    %flag_set/vec4 8;
    %jmp/0xz  T_1.30, 8;
    %ix/getv/s 4, v0xa10cbc820_0;
    %load/vec4a v0xa10cbc320, 4;
    %pushi/vec4 49, 0, 32;
    %load/vec4 v0x102c3cbc0_0;
    %sub;
    %part/s 1;
    %pad/u 32;
    %cmpi/e 0, 0, 32;
    %jmp/0xz  T_1.32, 4;
    %load/vec4 v0xa10cbc820_0;
    %store/vec4 v0xa10cbd0e0_0, 0, 32;
    %load/vec4 v0x102c3cbc0_0;
    %store/vec4 v0xa10cbd040_0, 0, 32;
    %pushi/vec4 1, 0, 1;
    %store/vec4 v0xa10cbc280_0, 0, 1;
T_1.32 ;
T_1.30 ;
    %load/vec4 v0x102c3cbc0_0;
    %addi 1, 0, 32;
    %store/vec4 v0x102c3cbc0_0, 0, 32;
    %jmp T_1.28;
T_1.29 ;
T_1.26 ;
    %load/vec4 v0xa10cbc820_0;
    %addi 1, 0, 32;
    %store/vec4 v0xa10cbc820_0, 0, 32;
    %jmp T_1.24;
T_1.25 ;
    %pushi/vec4 0, 0, 32;
    %assign/vec4 v0x102c4b9c0_0, 0;
    %pushi/vec4 3, 0, 4;
    %assign/vec4 v0xa10cbcfa0_0, 0;
T_1.23 ;
    %jmp T_1.15;
T_1.5 ;
    %load/vec4 v0xa10cbc460_0;
    %load/vec4 v0xa10cbc000_0;
    %add;
    %ix/vec4/s 4;
    %load/vec4a v0xa10cbc500, 4;
    %store/vec4 v0xa10cbcd20_0, 0, 32;
    %pushi/vec4 0, 0, 16;
    %ix/getv/s 4, v0xa10cbcd20_0;
    %load/vec4a v0xa10cbcdc0, 4;
    %parti/s 16, 16, 6;
    %concat/vec4; draw_concat_vec4
    %store/vec4 v0xa10cbd2c0_0, 0, 32;
    %pushi/vec4 0, 0, 16;
    %ix/getv/s 4, v0xa10cbcd20_0;
    %load/vec4a v0xa10cbcdc0, 4;
    %parti/s 16, 0, 2;
    %concat/vec4; draw_concat_vec4
    %store/vec4 v0xa10cbd220_0, 0, 32;
    %load/vec4 v0xa10cbd220_0;
    %load/vec4 v0x102c4b9c0_0;
    %cmp/s;
    %flag_or 5, 4;
    %jmp/0xz  T_1.34, 5;
    %pushi/vec4 8, 0, 4;
    %assign/vec4 v0xa10cbcfa0_0, 0;
    %jmp T_1.35;
T_1.34 ;
    %pushi/vec4 1, 0, 32;
    %load/vec4 v0xa10cbd2c0_0;
    %load/vec4 v0x102c4b9c0_0;
    %add;
    %muli 4, 0, 32;
    %add;
    %store/vec4 v0x102c3cb20_0, 0, 32;
    %ix/getv/s 4, v0x102c3cb20_0;
    %load/vec4a v0xa10cbce60, 4;
    %assign/vec4 v0xa10cbcbe0_0, 0;
    %load/vec4 v0x102c3cb20_0;
    %addi 1, 0, 32;
    %ix/vec4/s 4;
    %load/vec4a v0xa10cbce60, 4;
    %assign/vec4 v0xa10cbcaa0_0, 0;
    %load/vec4 v0x102c3cb20_0;
    %addi 2, 0, 32;
    %ix/vec4/s 4;
    %load/vec4a v0xa10cbce60, 4;
    %ix/load 4, 0, 0;
    %ix/load 5, 0, 0;
    %flag_set/imm 4, 0;
    %assign/vec4/off/d v0xa10cbcb40_0, 4, 5;
    %load/vec4 v0x102c3cb20_0;
    %addi 3, 0, 32;
    %ix/vec4/s 4;
    %load/vec4a v0xa10cbce60, 4;
    %ix/load 4, 32, 0;
    %ix/load 5, 0, 0;
    %flag_set/imm 4, 0;
    %assign/vec4/off/d v0xa10cbcb40_0, 4, 5;
    %pushi/vec4 4, 0, 4;
    %assign/vec4 v0xa10cbcfa0_0, 0;
T_1.35 ;
    %jmp T_1.15;
T_1.6 ;
    %pushi/vec4 0, 0, 24;
    %load/vec4 v0xa10cbcbe0_0;
    %parti/s 8, 0, 2;
    %concat/vec4; draw_concat_vec4
    %store/vec4 v0xa10cbcc80_0, 0, 32;
    %pushi/vec4 0, 0, 24;
    %load/vec4 v0xa10cbcbe0_0;
    %parti/s 8, 16, 6;
    %concat/vec4; draw_concat_vec4
    %store/vec4 v0xa10cbc1e0_0, 0, 32;
    %pushi/vec4 0, 0, 24;
    %load/vec4 v0xa10cbcbe0_0;
    %parti/s 8, 24, 6;
    %concat/vec4; draw_concat_vec4
    %store/vec4 v0xa10cbc140_0, 0, 32;
    %load/vec4 v0xa10cbd0e0_0;
    %load/vec4 v0xa10cbc1e0_0;
    %sub;
    %store/vec4 v0x102c4b920_0, 0, 32;
    %load/vec4 v0xa10cbd040_0;
    %load/vec4 v0xa10cbc140_0;
    %sub;
    %store/vec4 v0x102c4b880_0, 0, 32;
    %load/vec4 v0x102c4ba60_0;
    %cmpi/s 50, 0, 32;
    %flag_get/vec4 5;
    %jmp/0 T_1.39, 5;
    %load/vec4 v0xa10cbc6e0_0;
    %cmpi/s 2, 0, 32;
    %flag_get/vec4 5;
    %and;
T_1.39;
    %flag_set/vec4 9;
    %flag_get/vec4 9;
    %jmp/0 T_1.38, 9;
    %load/vec4 v0xa10cbc000_0;
    %cmpi/s 2, 0, 32;
    %flag_get/vec4 5;
    %and;
T_1.38;
    %flag_set/vec4 8;
    %jmp/0xz  T_1.36, 8;
    %vpi_call 3 163 "$display", "RDY: P%d D%d V%d Sw%d Sh%d Fr%d Fc%d Tr%d Tc%d -> Cr%d Cc%d Mask%h", v0xa10cbc6e0_0, v0xa10cbc000_0, v0x102c4b9c0_0, v0xa10cbcc80_0, v0xa10cbcaa0_0, v0xa10cbc1e0_0, v0xa10cbc140_0, v0xa10cbd0e0_0, v0xa10cbd040_0, v0x102c4b920_0, v0x102c4b880_0, v0xa10cbcb40_0 {0 0 0};
T_1.36 ;
    %pushi/vec4 5, 0, 4;
    %assign/vec4 v0xa10cbcfa0_0, 0;
    %jmp T_1.15;
T_1.7 ;
    %pushi/vec4 0, 0, 1;
    %store/vec4 v0x102c4b7e0_0, 0, 1;
    %load/vec4 v0x102c3fc00_0;
    %load/vec4 v0x102c4b920_0;
    %load/vec4 v0xa10cbcaa0_0;
    %add;
    %cmp/u;
    %jmp/1 T_1.44, 5;
    %flag_mov 8, 5;
    %load/vec4 v0x102c3ca80_0;
    %load/vec4 v0x102c4b880_0;
    %load/vec4 v0xa10cbcc80_0;
    %add;
    %cmp/u;
    %flag_or 5, 8;
T_1.44;
    %jmp/1 T_1.43, 5;
    %flag_mov 8, 5;
    %load/vec4 v0x102c4b880_0;
    %cmpi/s 4294967246, 0, 32;
    %flag_or 5, 8;
T_1.43;
    %jmp/1 T_1.42, 5;
    %flag_mov 8, 5;
    %load/vec4 v0x102c4b920_0;
    %cmpi/s 4294967246, 0, 32;
    %flag_or 5, 8;
T_1.42;
    %jmp/0xz  T_1.40, 5;
    %pushi/vec4 1, 0, 1;
    %store/vec4 v0x102c4b7e0_0, 0, 1;
    %jmp T_1.41;
T_1.40 ;
    %pushi/vec4 0, 0, 32;
    %store/vec4 v0xa10cbc5a0_0, 0, 32;
T_1.45 ;
    %load/vec4 v0xa10cbc5a0_0;
    %cmpi/s 8, 0, 32;
    %jmp/0xz T_1.46, 5;
    %load/vec4 v0xa10cbc5a0_0;
    %load/vec4 v0xa10cbcaa0_0;
    %cmp/u;
    %jmp/0xz  T_1.47, 5;
    %load/vec4 v0x102c4b920_0;
    %load/vec4 v0xa10cbc5a0_0;
    %add;
    %cmpi/s 0, 0, 32;
    %flag_inv 5; GE is !LT
    %flag_get/vec4 5;
    %jmp/0 T_1.51, 5;
    %load/vec4 v0x102c4b920_0;
    %load/vec4 v0xa10cbc5a0_0;
    %add;
    %cmpi/s 50, 0, 32;
    %flag_get/vec4 5;
    %and;
T_1.51;
    %flag_set/vec4 8;
    %jmp/0xz  T_1.49, 8;
    %load/vec4 v0xa10cbcb40_0;
    %load/vec4 v0xa10cbc5a0_0;
    %muli 8, 0, 32;
    %part/s 1;
    %load/vec4 v0xa10cbcb40_0;
    %load/vec4 v0xa10cbc5a0_0;
    %muli 8, 0, 32;
    %addi 1, 0, 32;
    %part/s 1;
    %concat/vec4; draw_concat_vec4
    %load/vec4 v0xa10cbcb40_0;
    %load/vec4 v0xa10cbc5a0_0;
    %muli 8, 0, 32;
    %addi 2, 0, 32;
    %part/s 1;
    %concat/vec4; draw_concat_vec4
    %load/vec4 v0xa10cbcb40_0;
    %load/vec4 v0xa10cbc5a0_0;
    %muli 8, 0, 32;
    %addi 3, 0, 32;
    %part/s 1;
    %concat/vec4; draw_concat_vec4
    %load/vec4 v0xa10cbcb40_0;
    %load/vec4 v0xa10cbc5a0_0;
    %muli 8, 0, 32;
    %addi 4, 0, 32;
    %part/s 1;
    %concat/vec4; draw_concat_vec4
    %load/vec4 v0xa10cbcb40_0;
    %load/vec4 v0xa10cbc5a0_0;
    %muli 8, 0, 32;
    %addi 5, 0, 32;
    %part/s 1;
    %concat/vec4; draw_concat_vec4
    %load/vec4 v0xa10cbcb40_0;
    %load/vec4 v0xa10cbc5a0_0;
    %muli 8, 0, 32;
    %addi 6, 0, 32;
    %part/s 1;
    %concat/vec4; draw_concat_vec4
    %load/vec4 v0xa10cbcb40_0;
    %load/vec4 v0xa10cbc5a0_0;
    %muli 8, 0, 32;
    %addi 7, 0, 32;
    %part/s 1;
    %concat/vec4; draw_concat_vec4
    %store/vec4 v0xa10cbc8c0_0, 0, 8;
    %load/vec4 v0x102c4b880_0;
    %cmpi/s 0, 0, 32;
    %flag_inv 5; GE is !LT
    %jmp/0xz  T_1.52, 5;
    %load/vec4 v0xa10cbc8c0_0;
    %concati/vec4 0, 0, 42;
    %load/vec4 v0x102c4b880_0;
    %ix/vec4 4;
    %shiftr 4;
    %store/vec4 v0xa10cbc960_0, 0, 50;
    %jmp T_1.53;
T_1.52 ;
    %load/vec4 v0xa10cbc8c0_0;
    %concati/vec4 0, 0, 42;
    %load/vec4 v0x102c4b880_0;
    %inv;
    %pushi/vec4 1, 0, 32;
    %add;
    %ix/vec4 4;
    %shiftl 4;
    %store/vec4 v0xa10cbc960_0, 0, 50;
T_1.53 ;
    %load/vec4 v0x102c4b920_0;
    %load/vec4 v0xa10cbc5a0_0;
    %add;
    %ix/vec4/s 4;
    %load/vec4a v0xa10cbc320, 4;
    %load/vec4 v0xa10cbc960_0;
    %and;
    %cmpi/ne 0, 0, 50;
    %jmp/0xz  T_1.54, 4;
    %pushi/vec4 1, 0, 1;
    %store/vec4 v0x102c4b7e0_0, 0, 1;
T_1.54 ;
    %load/vec4 v0x102c4b880_0;
    %cmpi/s 0, 0, 32;
    %jmp/0xz  T_1.56, 5;
    %load/vec4 v0xa10cbc8c0_0;
    %pad/u 32;
    %pushi/vec4 255, 0, 32;
    %load/vec4 v0x102c4b880_0;
    %inv;
    %pushi/vec4 1, 0, 32;
    %add;
    %ix/vec4 4;
    %shiftr 4;
    %inv;
    %and;
    %cmpi/ne 0, 0, 32;
    %jmp/0xz  T_1.58, 4;
    %pushi/vec4 1, 0, 1;
    %store/vec4 v0x102c4b7e0_0, 0, 1;
T_1.58 ;
T_1.56 ;
    %jmp T_1.50;
T_1.49 ;
    %load/vec4 v0xa10cbcb40_0;
    %load/vec4 v0xa10cbc5a0_0;
    %muli 8, 0, 32;
    %part/s 8;
    %pad/u 32;
    %cmpi/ne 0, 0, 32;
    %jmp/0xz  T_1.60, 4;
    %pushi/vec4 1, 0, 1;
    %store/vec4 v0x102c4b7e0_0, 0, 1;
T_1.60 ;
T_1.50 ;
T_1.47 ;
    %load/vec4 v0xa10cbc5a0_0;
    %addi 1, 0, 32;
    %store/vec4 v0xa10cbc5a0_0, 0, 32;
    %jmp T_1.45;
T_1.46 ;
T_1.41 ;
    %load/vec4 v0x102c4b7e0_0;
    %nor/r;
    %flag_set/vec4 8;
    %jmp/0xz  T_1.62, 8;
    %pushi/vec4 6, 0, 4;
    %assign/vec4 v0xa10cbcfa0_0, 0;
    %jmp T_1.63;
T_1.62 ;
    %load/vec4 v0x102c4ba60_0;
    %cmpi/s 50, 0, 32;
    %flag_get/vec4 5;
    %jmp/0 T_1.67, 5;
    %load/vec4 v0xa10cbc6e0_0;
    %cmpi/s 2, 0, 32;
    %flag_get/vec4 5;
    %and;
T_1.67;
    %flag_set/vec4 9;
    %flag_get/vec4 9;
    %jmp/0 T_1.66, 9;
    %load/vec4 v0xa10cbc000_0;
    %cmpi/s 2, 0, 32;
    %flag_get/vec4 5;
    %and;
T_1.66;
    %flag_set/vec4 8;
    %jmp/0xz  T_1.64, 8;
    %vpi_call 3 207 "$display", "Coll: P%d D%d V%d R%d C%d Mask%h", v0xa10cbc6e0_0, v0xa10cbc000_0, v0x102c4b9c0_0, v0x102c4b920_0, v0x102c4b880_0, v0xa10cbcb40_0 {0 0 0};
    %load/vec4 v0x102c4ba60_0;
    %addi 1, 0, 32;
    %assign/vec4 v0x102c4ba60_0, 0;
T_1.64 ;
    %pushi/vec4 7, 0, 4;
    %assign/vec4 v0xa10cbcfa0_0, 0;
T_1.63 ;
    %jmp T_1.15;
T_1.8 ;
    %pushi/vec4 0, 0, 32;
    %store/vec4 v0xa10cbc5a0_0, 0, 32;
T_1.68 ;
    %load/vec4 v0xa10cbc5a0_0;
    %cmpi/s 8, 0, 32;
    %jmp/0xz T_1.69, 5;
    %load/vec4 v0xa10cbc5a0_0;
    %load/vec4 v0xa10cbcaa0_0;
    %cmp/u;
    %jmp/0xz  T_1.70, 5;
    %load/vec4 v0x102c4b920_0;
    %load/vec4 v0xa10cbc5a0_0;
    %add;
    %cmpi/s 0, 0, 32;
    %flag_inv 5; GE is !LT
    %flag_get/vec4 5;
    %jmp/0 T_1.74, 5;
    %load/vec4 v0x102c4b920_0;
    %load/vec4 v0xa10cbc5a0_0;
    %add;
    %cmpi/s 50, 0, 32;
    %flag_get/vec4 5;
    %and;
T_1.74;
    %flag_set/vec4 8;
    %jmp/0xz  T_1.72, 8;
    %load/vec4 v0xa10cbcb40_0;
    %load/vec4 v0xa10cbc5a0_0;
    %muli 8, 0, 32;
    %part/s 1;
    %load/vec4 v0xa10cbcb40_0;
    %load/vec4 v0xa10cbc5a0_0;
    %muli 8, 0, 32;
    %addi 1, 0, 32;
    %part/s 1;
    %concat/vec4; draw_concat_vec4
    %load/vec4 v0xa10cbcb40_0;
    %load/vec4 v0xa10cbc5a0_0;
    %muli 8, 0, 32;
    %addi 2, 0, 32;
    %part/s 1;
    %concat/vec4; draw_concat_vec4
    %load/vec4 v0xa10cbcb40_0;
    %load/vec4 v0xa10cbc5a0_0;
    %muli 8, 0, 32;
    %addi 3, 0, 32;
    %part/s 1;
    %concat/vec4; draw_concat_vec4
    %load/vec4 v0xa10cbcb40_0;
    %load/vec4 v0xa10cbc5a0_0;
    %muli 8, 0, 32;
    %addi 4, 0, 32;
    %part/s 1;
    %concat/vec4; draw_concat_vec4
    %load/vec4 v0xa10cbcb40_0;
    %load/vec4 v0xa10cbc5a0_0;
    %muli 8, 0, 32;
    %addi 5, 0, 32;
    %part/s 1;
    %concat/vec4; draw_concat_vec4
    %load/vec4 v0xa10cbcb40_0;
    %load/vec4 v0xa10cbc5a0_0;
    %muli 8, 0, 32;
    %addi 6, 0, 32;
    %part/s 1;
    %concat/vec4; draw_concat_vec4
    %load/vec4 v0xa10cbcb40_0;
    %load/vec4 v0xa10cbc5a0_0;
    %muli 8, 0, 32;
    %addi 7, 0, 32;
    %part/s 1;
    %concat/vec4; draw_concat_vec4
    %store/vec4 v0xa10cbc8c0_0, 0, 8;
    %load/vec4 v0x102c4b880_0;
    %cmpi/s 0, 0, 32;
    %flag_inv 5; GE is !LT
    %jmp/0xz  T_1.75, 5;
    %load/vec4 v0xa10cbc8c0_0;
    %concati/vec4 0, 0, 42;
    %load/vec4 v0x102c4b880_0;
    %ix/vec4 4;
    %shiftr 4;
    %store/vec4 v0xa10cbc960_0, 0, 50;
    %jmp T_1.76;
T_1.75 ;
    %load/vec4 v0xa10cbc8c0_0;
    %concati/vec4 0, 0, 42;
    %load/vec4 v0x102c4b880_0;
    %inv;
    %pushi/vec4 1, 0, 32;
    %add;
    %ix/vec4 4;
    %shiftl 4;
    %store/vec4 v0xa10cbc960_0, 0, 50;
T_1.76 ;
    %load/vec4 v0x102c4b920_0;
    %load/vec4 v0xa10cbc5a0_0;
    %add;
    %ix/vec4/s 4;
    %load/vec4a v0xa10cbc320, 4;
    %load/vec4 v0xa10cbc960_0;
    %xor;
    %load/vec4 v0x102c4b920_0;
    %load/vec4 v0xa10cbc5a0_0;
    %add;
    %ix/vec4/s 3;
    %ix/load 4, 0, 0; Constant delay
    %assign/vec4/a/d v0xa10cbc320, 0, 4;
T_1.72 ;
T_1.70 ;
    %load/vec4 v0xa10cbc5a0_0;
    %addi 1, 0, 32;
    %store/vec4 v0xa10cbc5a0_0, 0, 32;
    %jmp T_1.68;
T_1.69 ;
    %load/vec4 v0x102c4b9c0_0;
    %parti/s 16, 0, 2;
    %concati/vec4 0, 0, 16;
    %load/vec4 v0x102c4b920_0;
    %parti/s 16, 0, 2;
    %concat/vec4; draw_concat_vec4
    %load/vec4 v0x102c4b880_0;
    %parti/s 16, 0, 2;
    %concat/vec4; draw_concat_vec4
    %ix/getv/s 3, v0xa10cbc000_0;
    %ix/load 4, 0, 0; Constant delay
    %assign/vec4/a/d v0xa10cbcf00, 0, 4;
    %load/vec4 v0xa10cbc000_0;
    %addi 1, 0, 32;
    %assign/vec4 v0xa10cbc000_0, 0;
    %load/vec4 v0xa10cbc000_0;
    %pushi/vec4 25, 0, 32;
    %mod/s;
    %cmpi/e 0, 0, 32;
    %jmp/0xz  T_1.77, 4;
    %load/vec4 v0xa10cbc000_0;
    %addi 1, 0, 32;
    %vpi_call 3 230 "$display", "P%d D%d", v0xa10cbc6e0_0, S<0,vec4,s32> {1 0 0};
T_1.77 ;
    %pushi/vec4 2, 0, 4;
    %assign/vec4 v0xa10cbcfa0_0, 0;
    %jmp T_1.15;
T_1.9 ;
    %load/vec4 v0x102c4b9c0_0;
    %addi 1, 0, 32;
    %assign/vec4 v0x102c4b9c0_0, 0;
    %pushi/vec4 3, 0, 4;
    %assign/vec4 v0xa10cbcfa0_0, 0;
    %jmp T_1.15;
T_1.10 ;
    %load/vec4 v0xa10cbc000_0;
    %cmpi/e 0, 0, 32;
    %jmp/0xz  T_1.79, 4;
    %pushi/vec4 11, 0, 4;
    %assign/vec4 v0xa10cbcfa0_0, 0;
    %jmp T_1.80;
T_1.79 ;
    %load/vec4 v0xa10cbc000_0;
    %subi 1, 0, 32;
    %assign/vec4 v0xa10cbc000_0, 0;
    %pushi/vec4 9, 0, 4;
    %assign/vec4 v0xa10cbcfa0_0, 0;
T_1.80 ;
    %jmp T_1.15;
T_1.11 ;
    %pushi/vec4 0, 0, 16;
    %ix/getv/s 4, v0xa10cbc000_0;
    %load/vec4a v0xa10cbcf00, 4;
    %parti/s 16, 48, 7;
    %concat/vec4; draw_concat_vec4
    %store/vec4 v0x102c4b9c0_0, 0, 32;
    %ix/getv/s 4, v0xa10cbc000_0;
    %load/vec4a v0xa10cbcf00, 4;
    %parti/s 1, 31, 6;
    %replicate 16;
    %ix/getv/s 4, v0xa10cbc000_0;
    %load/vec4a v0xa10cbcf00, 4;
    %parti/s 16, 16, 6;
    %concat/vec4; draw_concat_vec4
    %store/vec4 v0x102c4b920_0, 0, 32;
    %ix/getv/s 4, v0xa10cbc000_0;
    %load/vec4a v0xa10cbcf00, 4;
    %parti/s 1, 15, 5;
    %replicate 16;
    %ix/getv/s 4, v0xa10cbc000_0;
    %load/vec4a v0xa10cbcf00, 4;
    %parti/s 16, 0, 2;
    %concat/vec4; draw_concat_vec4
    %store/vec4 v0x102c4b880_0, 0, 32;
    %load/vec4 v0xa10cbc460_0;
    %load/vec4 v0xa10cbc000_0;
    %add;
    %ix/vec4/s 4;
    %load/vec4a v0xa10cbc500, 4;
    %store/vec4 v0xa10cbcd20_0, 0, 32;
    %pushi/vec4 0, 0, 16;
    %ix/getv/s 4, v0xa10cbcd20_0;
    %load/vec4a v0xa10cbcdc0, 4;
    %parti/s 16, 16, 6;
    %concat/vec4; draw_concat_vec4
    %store/vec4 v0xa10cbd2c0_0, 0, 32;
    %pushi/vec4 1, 0, 32;
    %load/vec4 v0xa10cbd2c0_0;
    %load/vec4 v0x102c4b9c0_0;
    %add;
    %muli 4, 0, 32;
    %add;
    %store/vec4 v0x102c3cb20_0, 0, 32;
    %ix/getv/s 4, v0x102c3cb20_0;
    %load/vec4a v0xa10cbce60, 4;
    %assign/vec4 v0xa10cbcbe0_0, 0;
    %load/vec4 v0x102c3cb20_0;
    %addi 1, 0, 32;
    %ix/vec4/s 4;
    %load/vec4a v0xa10cbce60, 4;
    %assign/vec4 v0xa10cbcaa0_0, 0;
    %load/vec4 v0x102c3cb20_0;
    %addi 2, 0, 32;
    %ix/vec4/s 4;
    %load/vec4a v0xa10cbce60, 4;
    %ix/load 4, 0, 0;
    %ix/load 5, 0, 0;
    %flag_set/imm 4, 0;
    %assign/vec4/off/d v0xa10cbcb40_0, 4, 5;
    %load/vec4 v0x102c3cb20_0;
    %addi 3, 0, 32;
    %ix/vec4/s 4;
    %load/vec4a v0xa10cbce60, 4;
    %ix/load 4, 32, 0;
    %ix/load 5, 0, 0;
    %flag_set/imm 4, 0;
    %assign/vec4/off/d v0xa10cbcb40_0, 4, 5;
    %pushi/vec4 10, 0, 4;
    %assign/vec4 v0xa10cbcfa0_0, 0;
    %jmp T_1.15;
T_1.12 ;
    %pushi/vec4 0, 0, 32;
    %store/vec4 v0xa10cbc5a0_0, 0, 32;
T_1.81 ;
    %load/vec4 v0xa10cbc5a0_0;
    %cmpi/s 8, 0, 32;
    %jmp/0xz T_1.82, 5;
    %load/vec4 v0xa10cbc5a0_0;
    %load/vec4 v0xa10cbcaa0_0;
    %cmp/u;
    %jmp/0xz  T_1.83, 5;
    %load/vec4 v0x102c4b920_0;
    %load/vec4 v0xa10cbc5a0_0;
    %add;
    %cmpi/s 0, 0, 32;
    %flag_inv 5; GE is !LT
    %flag_get/vec4 5;
    %jmp/0 T_1.87, 5;
    %load/vec4 v0x102c4b920_0;
    %load/vec4 v0xa10cbc5a0_0;
    %add;
    %cmpi/s 50, 0, 32;
    %flag_get/vec4 5;
    %and;
T_1.87;
    %flag_set/vec4 8;
    %jmp/0xz  T_1.85, 8;
    %load/vec4 v0xa10cbcb40_0;
    %load/vec4 v0xa10cbc5a0_0;
    %muli 8, 0, 32;
    %part/s 1;
    %load/vec4 v0xa10cbcb40_0;
    %load/vec4 v0xa10cbc5a0_0;
    %muli 8, 0, 32;
    %addi 1, 0, 32;
    %part/s 1;
    %concat/vec4; draw_concat_vec4
    %load/vec4 v0xa10cbcb40_0;
    %load/vec4 v0xa10cbc5a0_0;
    %muli 8, 0, 32;
    %addi 2, 0, 32;
    %part/s 1;
    %concat/vec4; draw_concat_vec4
    %load/vec4 v0xa10cbcb40_0;
    %load/vec4 v0xa10cbc5a0_0;
    %muli 8, 0, 32;
    %addi 3, 0, 32;
    %part/s 1;
    %concat/vec4; draw_concat_vec4
    %load/vec4 v0xa10cbcb40_0;
    %load/vec4 v0xa10cbc5a0_0;
    %muli 8, 0, 32;
    %addi 4, 0, 32;
    %part/s 1;
    %concat/vec4; draw_concat_vec4
    %load/vec4 v0xa10cbcb40_0;
    %load/vec4 v0xa10cbc5a0_0;
    %muli 8, 0, 32;
    %addi 5, 0, 32;
    %part/s 1;
    %concat/vec4; draw_concat_vec4
    %load/vec4 v0xa10cbcb40_0;
    %load/vec4 v0xa10cbc5a0_0;
    %muli 8, 0, 32;
    %addi 6, 0, 32;
    %part/s 1;
    %concat/vec4; draw_concat_vec4
    %load/vec4 v0xa10cbcb40_0;
    %load/vec4 v0xa10cbc5a0_0;
    %muli 8, 0, 32;
    %addi 7, 0, 32;
    %part/s 1;
    %concat/vec4; draw_concat_vec4
    %store/vec4 v0xa10cbc8c0_0, 0, 8;
    %load/vec4 v0x102c4b880_0;
    %cmpi/s 0, 0, 32;
    %flag_inv 5; GE is !LT
    %jmp/0xz  T_1.88, 5;
    %load/vec4 v0xa10cbc8c0_0;
    %concati/vec4 0, 0, 42;
    %load/vec4 v0x102c4b880_0;
    %ix/vec4 4;
    %shiftr 4;
    %store/vec4 v0xa10cbc960_0, 0, 50;
    %jmp T_1.89;
T_1.88 ;
    %load/vec4 v0xa10cbc8c0_0;
    %concati/vec4 0, 0, 42;
    %load/vec4 v0x102c4b880_0;
    %inv;
    %pushi/vec4 1, 0, 32;
    %add;
    %ix/vec4 4;
    %shiftl 4;
    %store/vec4 v0xa10cbc960_0, 0, 50;
T_1.89 ;
    %load/vec4 v0x102c4b920_0;
    %load/vec4 v0xa10cbc5a0_0;
    %add;
    %ix/vec4/s 4;
    %load/vec4a v0xa10cbc320, 4;
    %load/vec4 v0xa10cbc960_0;
    %xor;
    %load/vec4 v0x102c4b920_0;
    %load/vec4 v0xa10cbc5a0_0;
    %add;
    %ix/vec4/s 3;
    %ix/load 4, 0, 0; Constant delay
    %assign/vec4/a/d v0xa10cbc320, 0, 4;
T_1.85 ;
T_1.83 ;
    %load/vec4 v0xa10cbc5a0_0;
    %addi 1, 0, 32;
    %store/vec4 v0xa10cbc5a0_0, 0, 32;
    %jmp T_1.81;
T_1.82 ;
    %pushi/vec4 7, 0, 4;
    %assign/vec4 v0xa10cbcfa0_0, 0;
    %jmp T_1.15;
T_1.13 ;
    %load/vec4 v0xa10cbd180_0;
    %pushi/vec4 10, 0, 64;
    %mod;
    %cmpi/e 0, 0, 64;
    %jmp/0xz  T_1.90, 4;
    %vpi_call 3 283 "$display", "Solved %d (Total count %d)", v0xa10cbc6e0_0, v0xa10cbd180_0 {0 0 0};
T_1.90 ;
    %load/vec4 v0xa10cbc6e0_0;
    %addi 1, 0, 32;
    %assign/vec4 v0xa10cbc6e0_0, 0;
    %load/vec4 v0xa10cbc460_0;
    %load/vec4 v0x102c3c9e0_0;
    %add;
    %assign/vec4 v0xa10cbc780_0, 0;
    %pushi/vec4 1, 0, 4;
    %assign/vec4 v0xa10cbcfa0_0, 0;
    %jmp T_1.15;
T_1.14 ;
    %jmp T_1.15;
T_1.15 ;
    %pop/vec4 1;
T_1.1 ;
    %jmp T_1;
    .thread T_1;
    .scope S_0x102c45880;
T_2 ;
    %pushi/vec4 0, 0, 1;
    %store/vec4 v0xa10cbd360_0, 0, 1;
T_2.0 ;
    %delay 5000, 0;
    %load/vec4 v0xa10cbd360_0;
    %inv;
    %store/vec4 v0xa10cbd360_0, 0, 1;
    %jmp T_2.0;
    %end;
    .thread T_2;
    .scope S_0x102c45880;
T_3 ;
    %pushi/vec4 1, 0, 1;
    %store/vec4 v0xa10cbd4a0_0, 0, 1;
    %delay 100000, 0;
    %pushi/vec4 0, 0, 1;
    %store/vec4 v0xa10cbd4a0_0, 0, 1;
T_3.0 ;
    %load/vec4 v0xa10cbd400_0;
    %cmpi/ne 1, 0, 1;
    %jmp/0xz T_3.1, 6;
    %wait E_0xa10c737c0;
    %jmp T_3.0;
T_3.1 ;
    %delay 100000, 0;
    %vpi_call 2 33 "$display", "--------------------------------" {0 0 0};
    %vpi_call 2 34 "$display", "Simulation Done." {0 0 0};
    %vpi_call 2 35 "$display", "Valid Regions: %d", v0xa10cbd540_0 {0 0 0};
    %vpi_call 2 36 "$display", "--------------------------------" {0 0 0};
    %vpi_call 2 37 "$finish" {0 0 0};
    %end;
    .thread T_3;
    .scope S_0x102c45880;
T_4 ;
    %delay 2840207360, 465;
    %vpi_call 2 44 "$display", "Timeout!" {0 0 0};
    %vpi_call 2 45 "$finish" {0 0 0};
    %end;
    .thread T_4;
# The file index is used to find the file name in the following table.
:file_names 4;
    "N/A";
    "<interactive>";
    "sim/tb.v";
    "src/solution.v";
